
[1mRooFit v3.60 -- Developed by Wouter Verkerke and David Kirkby[0m 
                Copyright (C) 2000-2013 NIKHEF, University of California & Stanford University
                All rights reserved, please read http://roofit.sourceforge.net/license.txt

Starting the analysis...
Output file created...
outfile connected successfully.
Successfully added all histograms together...
Creating plots from TofEffMult...
Input from root list: /gpfs01/star/pwg/mvranovsk/Run17_P20ic/TofEffMult_5.12.24/merged/StRP_production.list
Input from 2 files...
input position: /gpfs01/star/pwg/mvranovsk/Run17_P20ic/TofEffMult_5.12.24/merged/StRP_production.list
fitting peak for K0S
fitting peak for K0S
Successfully created invariant mass plot and fit of peak for K0S...
Beginning efficiency plot for eta
Running eta bin number: 0
tofHit0 > 0 && tofHit1 > 0 && etaHadron1 > -0.900000 && etaHadron1 < -0.700000
tofHit0 > 0 && tofHit1 > 0 && etaHadron0 > -0.900000 && etaHadron0 < -0.700000
tofHit0 > 0 && tofHit1 < 0 && etaHadron1 > -0.900000 && etaHadron1 < -0.700000
tofHit2 > 0 && tofHit3 > 0 && etaHadron3 > -0.900000 && etaHadron3 < -0.700000
tofHit2 > 0 && tofHit3 > 0 && etaHadron2 > -0.900000 && etaHadron2 < -0.700000
tofHit2 > 0 && tofHit3 < 0 && etaHadron3 > -0.900000 && etaHadron3 < -0.700000
tofHit4 > 0 && tofHit5 > 0 && etaHadron5 > -0.900000 && etaHadron5 < -0.700000
tofHit4 > 0 && tofHit5 > 0 && etaHadron4 > -0.900000 && etaHadron4 < -0.700000
tofHit4 > 0 && tofHit5 < 0 && etaHadron5 > -0.900000 && etaHadron5 < -0.700000
tofHit6 > 0 && tofHit7 > 0 && etaHadron7 > -0.900000 && etaHadron7 < -0.700000
tofHit6 > 0 && tofHit7 > 0 && etaHadron6 > -0.900000 && etaHadron6 < -0.700000
tofHit6 > 0 && tofHit7 < 0 && etaHadron7 > -0.900000 && etaHadron7 < -0.700000
tofHit8 > 0 && tofHit9 > 0 && etaHadron9 > -0.900000 && etaHadron9 < -0.700000
tofHit8 > 0 && tofHit9 > 0 && etaHadron8 > -0.900000 && etaHadron8 < -0.700000
tofHit8 > 0 && tofHit9 < 0 && etaHadron9 > -0.900000 && etaHadron9 < -0.700000
Entries in hist: 2.09107e+06
tofHit0 > 0 && tofHit1 > 0 && etaHadron1 > -0.900000 && etaHadron1 < -0.700000
tofHit0 > 0 && tofHit1 > 0 && etaHadron0 > -0.900000 && etaHadron0 < -0.700000
tofHit0 > 0 && tofHit1 < 0 && etaHadron1 > -0.900000 && etaHadron1 < -0.700000
tofHit2 > 0 && tofHit3 > 0 && etaHadron3 > -0.900000 && etaHadron3 < -0.700000
tofHit2 > 0 && tofHit3 > 0 && etaHadron2 > -0.900000 && etaHadron2 < -0.700000
tofHit2 > 0 && tofHit3 < 0 && etaHadron3 > -0.900000 && etaHadron3 < -0.700000
tofHit4 > 0 && tofHit5 > 0 && etaHadron5 > -0.900000 && etaHadron5 < -0.700000
tofHit4 > 0 && tofHit5 > 0 && etaHadron4 > -0.900000 && etaHadron4 < -0.700000
tofHit4 > 0 && tofHit5 < 0 && etaHadron5 > -0.900000 && etaHadron5 < -0.700000
tofHit6 > 0 && tofHit7 > 0 && etaHadron7 > -0.900000 && etaHadron7 < -0.700000
tofHit6 > 0 && tofHit7 > 0 && etaHadron6 > -0.900000 && etaHadron6 < -0.700000
tofHit6 > 0 && tofHit7 < 0 && etaHadron7 > -0.900000 && etaHadron7 < -0.700000
tofHit8 > 0 && tofHit9 > 0 && etaHadron9 > -0.900000 && etaHadron9 < -0.700000
tofHit8 > 0 && tofHit9 > 0 && etaHadron8 > -0.900000 && etaHadron8 < -0.700000
tofHit8 > 0 && tofHit9 < 0 && etaHadron9 > -0.900000 && etaHadron9 < -0.700000
Entries in hist: 808406
[#1] INFO:DataHandling -- RooDataHist::adjustBinning(data1): fit range of variable x1 expanded to nearest bin boundaries: [0.45,0.54] --> [0.45,0.54]
[#1] INFO:DataHandling -- RooDataHist::adjustBinning(data2): fit range of variable x2 expanded to nearest bin boundaries: [0.45,0.54] --> [0.45,0.54]
[#1] INFO:Minization -- p.d.f. provides expected number of events, including extended term in likelihood.
[#1] INFO:Minization --  The following expressions will be evaluated in cache-and-track mode: (cb1,poly1)
[#0] WARNING:Minization -- RooFitGlue: Minimized function has error status.
Returning maximum FCN so far (-1.29513e+07) to force MIGRAD to back out of this region. Error log follows
Parameter values: alpha1=4.95247, coef1_0=-18900.6, coef1_1=-1184.1, mean1=0.498524, n1=3.00001, nbkg1=890785, nsig1=15554.8, sigma1=0.00435103
RooPolynomial::poly1[ x=x1 coefList=(coef1_0,coef1_1) ]
     p.d.f value is less than zero (-8764.010116), forcing value to zero @ x=x1=0.451, coefList=(coef1_0 = -18900.6,coef1_1 = -1184.1)
     p.d.f normalization integral is zero or negative @ x=x1=0.451, coefList=(coef1_0 = -18900.6,coef1_1 = -1184.1)
     p.d.f value is less than zero (-8803.952132), forcing value to zero @ x=x1=0.453, coefList=(coef1_0 = -18900.6,coef1_1 = -1184.1)
     p.d.f normalization integral is zero or negative @ x=x1=0.453, coefList=(coef1_0 = -18900.6,coef1_1 = -1184.1)
     p.d.f value is less than zero (-8843.903621), forcing value to zero @ x=x1=0.455, coefList=(coef1_0 = -18900.6,coef1_1 = -1184.1)
     p.d.f normalization integral is zero or negative @ x=x1=0.455, coefList=(coef1_0 = -18900.6,coef1_1 = -1184.1)
     p.d.f value is less than zero (-8883.864583), forcing value to zero @ x=x1=0.457, coefList=(coef1_0 = -18900.6,coef1_1 = -1184.1)
     p.d.f normalization integral is zero or negative @ x=x1=0.457, coefList=(coef1_0 = -18900.6,coef1_1 = -1184.1)
     p.d.f value is less than zero (-8923.835018), forcing value to zero @ x=x1=0.459, coefList=(coef1_0 = -18900.6,coef1_1 = -1184.1)
     p.d.f normalization integral is zero or negative @ x=x1=0.459, coefList=(coef1_0 = -18900.6,coef1_1 = -1184.1)
     p.d.f value is less than zero (-8963.814926), forcing value to zero @ x=x1=0.461, coefList=(coef1_0 = -18900.6,coef1_1 = -1184.1)
     p.d.f normalization integral is zero or negative @ x=x1=0.461, coefList=(coef1_0 = -18900.6,coef1_1 = -1184.1)
    ... (remaining 80 messages suppressed)

[#0] WARNING:Minization -- RooFitGlue: Minimized function has error status.
Returning maximum FCN so far (-1.29513e+07) to force MIGRAD to back out of this region. Error log follows
Parameter values: alpha1=4.95124, coef1_0=-12596.1, coef1_1=-2746.19, mean1=0.498515, n1=3.00001, nbkg1=890964, nsig1=15331, sigma1=0.00423941
RooPolynomial::poly1[ x=x1 coefList=(coef1_0,coef1_1) ]
     p.d.f value is less than zero (-6238.422980), forcing value to zero @ x=x1=0.451, coefList=(coef1_0 = -12596.1,coef1_1 = -2746.19)
     p.d.f normalization integral is zero or negative @ x=x1=0.451, coefList=(coef1_0 = -12596.1,coef1_1 = -2746.19)
     p.d.f value is less than zero (-6268.580307), forcing value to zero @ x=x1=0.453, coefList=(coef1_0 = -12596.1,coef1_1 = -2746.19)
     p.d.f normalization integral is zero or negative @ x=x1=0.453, coefList=(coef1_0 = -12596.1,coef1_1 = -2746.19)
     p.d.f value is less than zero (-6298.759603), forcing value to zero @ x=x1=0.455, coefList=(coef1_0 = -12596.1,coef1_1 = -2746.19)
     p.d.f normalization integral is zero or negative @ x=x1=0.455, coefList=(coef1_0 = -12596.1,coef1_1 = -2746.19)
     p.d.f value is less than zero (-6328.960869), forcing value to zero @ x=x1=0.457, coefList=(coef1_0 = -12596.1,coef1_1 = -2746.19)
     p.d.f normalization integral is zero or negative @ x=x1=0.457, coefList=(coef1_0 = -12596.1,coef1_1 = -2746.19)
     p.d.f value is less than zero (-6359.184104), forcing value to zero @ x=x1=0.459, coefList=(coef1_0 = -12596.1,coef1_1 = -2746.19)
     p.d.f normalization integral is zero or negative @ x=x1=0.459, coefList=(coef1_0 = -12596.1,coef1_1 = -2746.19)
     p.d.f value is less than zero (-6389.429309), forcing value to zero @ x=x1=0.461, coefList=(coef1_0 = -12596.1,coef1_1 = -2746.19)
     p.d.f normalization integral is zero or negative @ x=x1=0.461, coefList=(coef1_0 = -12596.1,coef1_1 = -2746.19)
    ... (remaining 80 messages suppressed)

 MINUIT WARNING IN HESSE   
 ============== Negative diagonal element 1 in Error Matrix
 MINUIT WARNING IN HESSE   
 ============== Negative diagonal element 5 in Error Matrix
 MINUIT WARNING IN HESSE   
 ============== 1.00013 added to diagonal of error matrix
 MINUIT WARNING IN HESSE   
 ============== Negative diagonal element 1 in Error Matrix
 MINUIT WARNING IN HESSE   
 ============== 1.00231 added to diagonal of error matrix
 EIGENVALUES OF SECOND-DERIVATIVE MATRIX:
        -1.4007e-01  7.0139e-02  9.6369e-01  9.9999e-01  1.0000e+00  1.0402e+00  1.9003e+00  2.1657e+00
 MINUIT WARNING IN HESSE   
 ============== MATRIX FORCED POS-DEF BY ADDING 0.142236 TO DIAGONAL.
-----------------------------------------------------------------------------------------------------------
-----------------------------------------------------------------------------------------------------------
-----------------------------------------------------------------------------------------------------------
[#1] INFO:Minization -- p.d.f. provides expected number of events, including extended term in likelihood.
[#1] INFO:Minization --  The following expressions will be evaluated in cache-and-track mode: (cb2,poly2)
[#0] WARNING:Minization -- RooFitGlue: Minimized function has error status.
Returning maximum FCN so far (-84984.6) to force MIGRAD to back out of this region. Error log follows
Parameter values: alpha2=1.3, coef2_0=-18725.2, coef2_1=14000, mean2=0.497611, n2=4, nbkg2=1e+06, nsig2=6000, sigma2=0.004
RooPolynomial::poly2[ x=x2 coefList=(coef2_0,coef2_1) ]
     p.d.f value is less than zero (-5596.443845), forcing value to zero @ x=x2=0.451, coefList=(coef2_0 = -18725.2,coef2_1 = 14000)
     p.d.f normalization integral is zero or negative @ x=x2=0.451, coefList=(coef2_0 = -18725.2,coef2_1 = 14000)
     p.d.f value is less than zero (-5608.582212), forcing value to zero @ x=x2=0.453, coefList=(coef2_0 = -18725.2,coef2_1 = 14000)
     p.d.f normalization integral is zero or negative @ x=x2=0.453, coefList=(coef2_0 = -18725.2,coef2_1 = 14000)
     p.d.f value is less than zero (-5620.608580), forcing value to zero @ x=x2=0.455, coefList=(coef2_0 = -18725.2,coef2_1 = 14000)
     p.d.f normalization integral is zero or negative @ x=x2=0.455, coefList=(coef2_0 = -18725.2,coef2_1 = 14000)
     p.d.f value is less than zero (-5632.522947), forcing value to zero @ x=x2=0.457, coefList=(coef2_0 = -18725.2,coef2_1 = 14000)
     p.d.f normalization integral is zero or negative @ x=x2=0.457, coefList=(coef2_0 = -18725.2,coef2_1 = 14000)
     p.d.f value is less than zero (-5644.325315), forcing value to zero @ x=x2=0.459, coefList=(coef2_0 = -18725.2,coef2_1 = 14000)
     p.d.f normalization integral is zero or negative @ x=x2=0.459, coefList=(coef2_0 = -18725.2,coef2_1 = 14000)
     p.d.f value is less than zero (-5656.015682), forcing value to zero @ x=x2=0.461, coefList=(coef2_0 = -18725.2,coef2_1 = 14000)
     p.d.f normalization integral is zero or negative @ x=x2=0.461, coefList=(coef2_0 = -18725.2,coef2_1 = 14000)
    ... (remaining 80 messages suppressed)

[#0] WARNING:Minization -- RooFitGlue: Minimized function has error status.
Returning maximum FCN so far (-84984.6) to force MIGRAD to back out of this region. Error log follows
Parameter values: alpha2=1.3, coef2_0=-6515.37, coef2_1=14000, mean2=0.497611, n2=4, nbkg2=1e+06, nsig2=6000, sigma2=0.004
RooPolynomial::poly2[ x=x2 coefList=(coef2_0,coef2_1) ]
     p.d.f value is less than zero (-89.818519), forcing value to zero @ x=x2=0.451, coefList=(coef2_0 = -6515.37,coef2_1 = 14000)
     p.d.f value is less than zero (-77.537261), forcing value to zero @ x=x2=0.453, coefList=(coef2_0 = -6515.37,coef2_1 = 14000)
     p.d.f value is less than zero (-65.144004), forcing value to zero @ x=x2=0.455, coefList=(coef2_0 = -6515.37,coef2_1 = 14000)
     p.d.f value is less than zero (-52.638747), forcing value to zero @ x=x2=0.457, coefList=(coef2_0 = -6515.37,coef2_1 = 14000)
     p.d.f value is less than zero (-40.021490), forcing value to zero @ x=x2=0.459, coefList=(coef2_0 = -6515.37,coef2_1 = 14000)
     p.d.f value is less than zero (-27.292233), forcing value to zero @ x=x2=0.461, coefList=(coef2_0 = -6515.37,coef2_1 = 14000)
     p.d.f value is less than zero (-14.450976), forcing value to zero @ x=x2=0.463, coefList=(coef2_0 = -6515.37,coef2_1 = 14000)
     p.d.f value is less than zero (-1.497719), forcing value to zero @ x=x2=0.465, coefList=(coef2_0 = -6515.37,coef2_1 = 14000)

 MINUIT WARNING IN HESSE   
 ============== Negative diagonal element 5 in Error Matrix
 MINUIT WARNING IN HESSE   
 ============== 1.00004 added to diagonal of error matrix
[#1] INFO:Plotting -- RooAbsPdf::plotOn(model1) directly selected PDF components: (poly1)
[#1] INFO:Plotting -- RooAbsPdf::plotOn(model1) indirectly selected PDF components: ()
[#1] INFO:Plotting -- RooAbsPdf::plotOn(model1) directly selected PDF components: (cb1)
[#1] INFO:Plotting -- RooAbsPdf::plotOn(model1) indirectly selected PDF components: ()
[#1] INFO:Plotting -- RooAbsPdf::plotOn(model2) directly selected PDF components: (poly2)
[#1] INFO:Plotting -- RooAbsPdf::plotOn(model2) indirectly selected PDF components: ()
[#1] INFO:Plotting -- RooAbsPdf::plotOn(model2) directly selected PDF components: (cb2)
[#1] INFO:Plotting -- RooAbsPdf::plotOn(model2) indirectly selected PDF components: ()
Running eta bin number: 1
tofHit0 > 0 && tofHit1 > 0 && etaHadron1 > -0.700000 && etaHadron1 < -0.500000
tofHit0 > 0 && tofHit1 > 0 && etaHadron0 > -0.700000 && etaHadron0 < -0.500000
tofHit0 > 0 && tofHit1 < 0 && etaHadron1 > -0.700000 && etaHadron1 < -0.500000
tofHit2 > 0 && tofHit3 > 0 && etaHadron3 > -0.700000 && etaHadron3 < -0.500000
tofHit2 > 0 && tofHit3 > 0 && etaHadron2 > -0.700000 && etaHadron2 < -0.500000
tofHit2 > 0 && tofHit3 < 0 && etaHadron3 > -0.700000 && etaHadron3 < -0.500000
tofHit4 > 0 && tofHit5 > 0 && etaHadron5 > -0.700000 && etaHadron5 < -0.500000
tofHit4 > 0 && tofHit5 > 0 && etaHadron4 > -0.700000 && etaHadron4 < -0.500000
tofHit4 > 0 && tofHit5 < 0 && etaHadron5 > -0.700000 && etaHadron5 < -0.500000
tofHit6 > 0 && tofHit7 > 0 && etaHadron7 > -0.700000 && etaHadron7 < -0.500000
tofHit6 > 0 && tofHit7 > 0 && etaHadron6 > -0.700000 && etaHadron6 < -0.500000
tofHit6 > 0 && tofHit7 < 0 && etaHadron7 > -0.700000 && etaHadron7 < -0.500000
tofHit8 > 0 && tofHit9 > 0 && etaHadron9 > -0.700000 && etaHadron9 < -0.500000
tofHit8 > 0 && tofHit9 > 0 && etaHadron8 > -0.700000 && etaHadron8 < -0.500000
tofHit8 > 0 && tofHit9 < 0 && etaHadron9 > -0.700000 && etaHadron9 < -0.500000
Entries in hist: 2.81854e+06
tofHit0 > 0 && tofHit1 > 0 && etaHadron1 > -0.700000 && etaHadron1 < -0.500000
tofHit0 > 0 && tofHit1 > 0 && etaHadron0 > -0.700000 && etaHadron0 < -0.500000
tofHit0 > 0 && tofHit1 < 0 && etaHadron1 > -0.700000 && etaHadron1 < -0.500000
tofHit2 > 0 && tofHit3 > 0 && etaHadron3 > -0.700000 && etaHadron3 < -0.500000
tofHit2 > 0 && tofHit3 > 0 && etaHadron2 > -0.700000 && etaHadron2 < -0.500000
tofHit2 > 0 && tofHit3 < 0 && etaHadron3 > -0.700000 && etaHadron3 < -0.500000
tofHit4 > 0 && tofHit5 > 0 && etaHadron5 > -0.700000 && etaHadron5 < -0.500000
tofHit4 > 0 && tofHit5 > 0 && etaHadron4 > -0.700000 && etaHadron4 < -0.500000
tofHit4 > 0 && tofHit5 < 0 && etaHadron5 > -0.700000 && etaHadron5 < -0.500000
tofHit6 > 0 && tofHit7 > 0 && etaHadron7 > -0.700000 && etaHadron7 < -0.500000
tofHit6 > 0 && tofHit7 > 0 && etaHadron6 > -0.700000 && etaHadron6 < -0.500000
tofHit6 > 0 && tofHit7 < 0 && etaHadron7 > -0.700000 && etaHadron7 < -0.500000
tofHit8 > 0 && tofHit9 > 0 && etaHadron9 > -0.700000 && etaHadron9 < -0.500000
tofHit8 > 0 && tofHit9 > 0 && etaHadron8 > -0.700000 && etaHadron8 < -0.500000
tofHit8 > 0 && tofHit9 < 0 && etaHadron9 > -0.700000 && etaHadron9 < -0.500000
Entries in hist: 1.0857e+06
[#1] INFO:DataHandling -- RooDataHist::adjustBinning(data1): fit range of variable x1 expanded to nearest bin boundaries: [0.45,0.54] --> [0.45,0.54]
[#1] INFO:DataHandling -- RooDataHist::adjustBinning(data2): fit range of variable x2 expanded to nearest bin boundaries: [0.45,0.54] --> [0.45,0.54]
[#1] INFO:Minization -- p.d.f. provides expected number of events, including extended term in likelihood.
[#1] INFO:Minization --  The following expressions will be evaluated in cache-and-track mode: (cb1,poly1)
[#0] WARNING:Minization -- RooFitGlue: Minimized function has error status.
Returning maximum FCN so far (-1.73984e+07) to force MIGRAD to back out of this region. Error log follows
Parameter values: alpha1=1.3, coef1_0=6076.25, coef1_1=-14000, mean1=0.497611, n1=4, nbkg1=300000, nsig1=17000, sigma1=0.004
RooPolynomial::poly1[ x=x1 coefList=(coef1_0,coef1_1) ]
     p.d.f value is less than zero (-106.224629), forcing value to zero @ x=x1=0.451, coefList=(coef1_0 = 6076.25,coef1_1 = -14000)
     p.d.f normalization integral is zero or negative @ x=x1=0.451, coefList=(coef1_0 = 6076.25,coef1_1 = -14000)
     p.d.f value is less than zero (-119.384126), forcing value to zero @ x=x1=0.453, coefList=(coef1_0 = 6076.25,coef1_1 = -14000)
     p.d.f normalization integral is zero or negative @ x=x1=0.453, coefList=(coef1_0 = 6076.25,coef1_1 = -14000)
     p.d.f value is less than zero (-132.655623), forcing value to zero @ x=x1=0.455, coefList=(coef1_0 = 6076.25,coef1_1 = -14000)
     p.d.f normalization integral is zero or negative @ x=x1=0.455, coefList=(coef1_0 = 6076.25,coef1_1 = -14000)
     p.d.f value is less than zero (-146.039121), forcing value to zero @ x=x1=0.457, coefList=(coef1_0 = 6076.25,coef1_1 = -14000)
     p.d.f normalization integral is zero or negative @ x=x1=0.457, coefList=(coef1_0 = 6076.25,coef1_1 = -14000)
     p.d.f value is less than zero (-159.534618), forcing value to zero @ x=x1=0.459, coefList=(coef1_0 = 6076.25,coef1_1 = -14000)
     p.d.f normalization integral is zero or negative @ x=x1=0.459, coefList=(coef1_0 = 6076.25,coef1_1 = -14000)
     p.d.f value is less than zero (-173.142115), forcing value to zero @ x=x1=0.461, coefList=(coef1_0 = 6076.25,coef1_1 = -14000)
     p.d.f normalization integral is zero or negative @ x=x1=0.461, coefList=(coef1_0 = 6076.25,coef1_1 = -14000)
    ... (remaining 80 messages suppressed)

[#0] WARNING:Minization -- RooFitGlue: Minimized function has error status.
Returning maximum FCN so far (-1.73984e+07) to force MIGRAD to back out of this region. Error log follows
Parameter values: alpha1=1.3, coef1_0=874.514, coef1_1=-14000, mean1=0.497611, n1=4, nbkg1=300000, nsig1=17000, sigma1=0.004
RooPolynomial::poly1[ x=x1 coefList=(coef1_0,coef1_1) ]
     p.d.f value is less than zero (-2452.208401), forcing value to zero @ x=x1=0.451, coefList=(coef1_0 = 874.514,coef1_1 = -14000)
     p.d.f normalization integral is zero or negative @ x=x1=0.451, coefList=(coef1_0 = 874.514,coef1_1 = -14000)
     p.d.f value is less than zero (-2475.771374), forcing value to zero @ x=x1=0.453, coefList=(coef1_0 = 874.514,coef1_1 = -14000)
     p.d.f normalization integral is zero or negative @ x=x1=0.453, coefList=(coef1_0 = 874.514,coef1_1 = -14000)
     p.d.f value is less than zero (-2499.446347), forcing value to zero @ x=x1=0.455, coefList=(coef1_0 = 874.514,coef1_1 = -14000)
     p.d.f normalization integral is zero or negative @ x=x1=0.455, coefList=(coef1_0 = 874.514,coef1_1 = -14000)
     p.d.f value is less than zero (-2523.233320), forcing value to zero @ x=x1=0.457, coefList=(coef1_0 = 874.514,coef1_1 = -14000)
     p.d.f normalization integral is zero or negative @ x=x1=0.457, coefList=(coef1_0 = 874.514,coef1_1 = -14000)
     p.d.f value is less than zero (-2547.132293), forcing value to zero @ x=x1=0.459, coefList=(coef1_0 = 874.514,coef1_1 = -14000)
     p.d.f normalization integral is zero or negative @ x=x1=0.459, coefList=(coef1_0 = 874.514,coef1_1 = -14000)
     p.d.f value is less than zero (-2571.143266), forcing value to zero @ x=x1=0.461, coefList=(coef1_0 = 874.514,coef1_1 = -14000)
     p.d.f normalization integral is zero or negative @ x=x1=0.461, coefList=(coef1_0 = 874.514,coef1_1 = -14000)
    ... (remaining 80 messages suppressed)

 EIGENVALUES OF SECOND-DERIVATIVE MATRIX:
        -1.3709e+00  3.2316e-01  9.2264e-01  9.8016e-01  1.0345e+00  1.0615e+00  1.7047e+00  3.3442e+00
 MINUIT WARNING IN HESSE   
 ============== MATRIX FORCED POS-DEF BY ADDING 1.374275 TO DIAGONAL.
 MINUIT WARNING IN MIGRAD  
 ============== Negative diagonal element 1 in Error Matrix
 MINUIT WARNING IN MIGRAD  
 ============== 1.08018 added to diagonal of error matrix
[#0] WARNING:Minization -- RooFitGlue: Minimized function has error status.
Returning maximum FCN so far (2.36808e+07) to force MIGRAD to back out of this region. Error log follows
Parameter values: alpha1=1.24145, coef1_0=2119.95, coef1_1=-10748.2, mean1=0.499537, n1=5.49023, nbkg1=1.16292e+06, nsig1=86383.2, sigma1=0.00480826
RooPolynomial::poly1[ x=x1 coefList=(coef1_0,coef1_1) ]
     p.d.f value is less than zero (-1229.096904), forcing value to zero @ x=x1=0.451, coefList=(coef1_0 = 2119.95,coef1_1 = -10748.2)
     p.d.f normalization integral is zero or negative @ x=x1=0.451, coefList=(coef1_0 = 2119.95,coef1_1 = -10748.2)
     p.d.f value is less than zero (-1244.289750), forcing value to zero @ x=x1=0.453, coefList=(coef1_0 = 2119.95,coef1_1 = -10748.2)
     p.d.f normalization integral is zero or negative @ x=x1=0.453, coefList=(coef1_0 = 2119.95,coef1_1 = -10748.2)
     p.d.f value is less than zero (-1259.568581), forcing value to zero @ x=x1=0.455, coefList=(coef1_0 = 2119.95,coef1_1 = -10748.2)
     p.d.f normalization integral is zero or negative @ x=x1=0.455, coefList=(coef1_0 = 2119.95,coef1_1 = -10748.2)
     p.d.f value is less than zero (-1274.933398), forcing value to zero @ x=x1=0.457, coefList=(coef1_0 = 2119.95,coef1_1 = -10748.2)
     p.d.f normalization integral is zero or negative @ x=x1=0.457, coefList=(coef1_0 = 2119.95,coef1_1 = -10748.2)
     p.d.f value is less than zero (-1290.384201), forcing value to zero @ x=x1=0.459, coefList=(coef1_0 = 2119.95,coef1_1 = -10748.2)
     p.d.f normalization integral is zero or negative @ x=x1=0.459, coefList=(coef1_0 = 2119.95,coef1_1 = -10748.2)
     p.d.f value is less than zero (-1305.920989), forcing value to zero @ x=x1=0.461, coefList=(coef1_0 = 2119.95,coef1_1 = -10748.2)
     p.d.f normalization integral is zero or negative @ x=x1=0.461, coefList=(coef1_0 = 2119.95,coef1_1 = -10748.2)
    ... (remaining 80 messages suppressed)

 MINUIT WARNING IN HESSE   
 ============== Negative diagonal element 1 in Error Matrix
 MINUIT WARNING IN HESSE   
 ============== 9.34218 added to diagonal of error matrix
-----------------------------------------------------------------------------------------------------------
-----------------------------------------------------------------------------------------------------------
-----------------------------------------------------------------------------------------------------------
[#1] INFO:Minization -- p.d.f. provides expected number of events, including extended term in likelihood.
[#1] INFO:Minization --  The following expressions will be evaluated in cache-and-track mode: (cb2,poly2)
[#0] WARNING:Minization -- RooFitGlue: Minimized function has error status.
Returning maximum FCN so far (-541005) to force MIGRAD to back out of this region. Error log follows
Parameter values: alpha2=4.03868, coef2_0=-709.611, coef2_1=-299.48, mean2=0.498093, n2=7.70677, nbkg2=103152, nsig2=11997.9, sigma2=0.00419651
RooPolynomial::poly2[ x=x2 coefList=(coef2_0,coef2_1) ]
     p.d.f value is less than zero (-379.948944), forcing value to zero @ x=x2=0.451, coefList=(coef2_0 = -709.611,coef2_1 = -299.48)
     p.d.f normalization integral is zero or negative @ x=x2=0.451, coefList=(coef2_0 = -709.611,coef2_1 = -299.48)
     p.d.f value is less than zero (-381.909625), forcing value to zero @ x=x2=0.453, coefList=(coef2_0 = -709.611,coef2_1 = -299.48)
     p.d.f normalization integral is zero or negative @ x=x2=0.453, coefList=(coef2_0 = -709.611,coef2_1 = -299.48)
     p.d.f value is less than zero (-383.872703), forcing value to zero @ x=x2=0.455, coefList=(coef2_0 = -709.611,coef2_1 = -299.48)
     p.d.f normalization integral is zero or negative @ x=x2=0.455, coefList=(coef2_0 = -709.611,coef2_1 = -299.48)
     p.d.f value is less than zero (-385.838176), forcing value to zero @ x=x2=0.457, coefList=(coef2_0 = -709.611,coef2_1 = -299.48)
     p.d.f normalization integral is zero or negative @ x=x2=0.457, coefList=(coef2_0 = -709.611,coef2_1 = -299.48)
     p.d.f value is less than zero (-387.806045), forcing value to zero @ x=x2=0.459, coefList=(coef2_0 = -709.611,coef2_1 = -299.48)
     p.d.f normalization integral is zero or negative @ x=x2=0.459, coefList=(coef2_0 = -709.611,coef2_1 = -299.48)
     p.d.f value is less than zero (-389.776310), forcing value to zero @ x=x2=0.461, coefList=(coef2_0 = -709.611,coef2_1 = -299.48)
     p.d.f normalization integral is zero or negative @ x=x2=0.461, coefList=(coef2_0 = -709.611,coef2_1 = -299.48)
    ... (remaining 80 messages suppressed)

[#0] WARNING:Minization -- RooFitGlue: Minimized function has error status.
Returning maximum FCN so far (-541005) to force MIGRAD to back out of this region. Error log follows
Parameter values: alpha2=4.04305, coef2_0=-692.71, coef2_1=-79.4341, mean2=0.498041, n2=7.70693, nbkg2=103149, nsig2=12054.6, sigma2=0.00421831
RooPolynomial::poly2[ x=x2 coefList=(coef2_0,coef2_1) ]
     p.d.f value is less than zero (-327.569236), forcing value to zero @ x=x2=0.451, coefList=(coef2_0 = -692.71,coef2_1 = -79.4341)
     p.d.f normalization integral is zero or negative @ x=x2=0.451, coefList=(coef2_0 = -692.71,coef2_1 = -79.4341)
     p.d.f value is less than zero (-329.098273), forcing value to zero @ x=x2=0.453, coefList=(coef2_0 = -692.71,coef2_1 = -79.4341)
     p.d.f normalization integral is zero or negative @ x=x2=0.453, coefList=(coef2_0 = -692.71,coef2_1 = -79.4341)
     p.d.f value is less than zero (-330.627946), forcing value to zero @ x=x2=0.455, coefList=(coef2_0 = -692.71,coef2_1 = -79.4341)
     p.d.f normalization integral is zero or negative @ x=x2=0.455, coefList=(coef2_0 = -692.71,coef2_1 = -79.4341)
     p.d.f value is less than zero (-332.158254), forcing value to zero @ x=x2=0.457, coefList=(coef2_0 = -692.71,coef2_1 = -79.4341)
     p.d.f normalization integral is zero or negative @ x=x2=0.457, coefList=(coef2_0 = -692.71,coef2_1 = -79.4341)
     p.d.f value is less than zero (-333.689197), forcing value to zero @ x=x2=0.459, coefList=(coef2_0 = -692.71,coef2_1 = -79.4341)
     p.d.f normalization integral is zero or negative @ x=x2=0.459, coefList=(coef2_0 = -692.71,coef2_1 = -79.4341)
     p.d.f value is less than zero (-335.220776), forcing value to zero @ x=x2=0.461, coefList=(coef2_0 = -692.71,coef2_1 = -79.4341)
     p.d.f normalization integral is zero or negative @ x=x2=0.461, coefList=(coef2_0 = -692.71,coef2_1 = -79.4341)
    ... (remaining 80 messages suppressed)

[#0] WARNING:Minization -- RooFitGlue: Minimized function has error status.
Returning maximum FCN so far (-541005) to force MIGRAD to back out of this region. Error log follows
Parameter values: alpha2=4.04305, coef2_0=-692.71, coef2_1=-79.4341, mean2=0.498041, n2=7.70693, nbkg2=103149, nsig2=12054.6, sigma2=0.00421831
RooPolynomial::poly2[ x=x2 coefList=(coef2_0,coef2_1) ]
     p.d.f value is less than zero (-327.569236), forcing value to zero @ x=x2=0.451, coefList=(coef2_0 = -692.71,coef2_1 = -79.4341)
     p.d.f normalization integral is zero or negative @ x=x2=0.451, coefList=(coef2_0 = -692.71,coef2_1 = -79.4341)
     p.d.f value is less than zero (-329.098273), forcing value to zero @ x=x2=0.453, coefList=(coef2_0 = -692.71,coef2_1 = -79.4341)
     p.d.f normalization integral is zero or negative @ x=x2=0.453, coefList=(coef2_0 = -692.71,coef2_1 = -79.4341)
     p.d.f value is less than zero (-330.627946), forcing value to zero @ x=x2=0.455, coefList=(coef2_0 = -692.71,coef2_1 = -79.4341)
     p.d.f normalization integral is zero or negative @ x=x2=0.455, coefList=(coef2_0 = -692.71,coef2_1 = -79.4341)
     p.d.f value is less than zero (-332.158254), forcing value to zero @ x=x2=0.457, coefList=(coef2_0 = -692.71,coef2_1 = -79.4341)
     p.d.f normalization integral is zero or negative @ x=x2=0.457, coefList=(coef2_0 = -692.71,coef2_1 = -79.4341)
     p.d.f value is less than zero (-333.689197), forcing value to zero @ x=x2=0.459, coefList=(coef2_0 = -692.71,coef2_1 = -79.4341)
     p.d.f normalization integral is zero or negative @ x=x2=0.459, coefList=(coef2_0 = -692.71,coef2_1 = -79.4341)
     p.d.f value is less than zero (-335.220776), forcing value to zero @ x=x2=0.461, coefList=(coef2_0 = -692.71,coef2_1 = -79.4341)
     p.d.f normalization integral is zero or negative @ x=x2=0.461, coefList=(coef2_0 = -692.71,coef2_1 = -79.4341)
    ... (remaining 80 messages suppressed)

 MINUIT WARNING IN MIGRAD  
 ============== Negative diagonal element 2 in Error Matrix
 MINUIT WARNING IN MIGRAD  
 ============== 1 added to diagonal of error matrix
[#0] WARNING:Minization -- RooFitGlue: Minimized function has error status.
Returning maximum FCN so far (-541005) to force MIGRAD to back out of this region. Error log follows
Parameter values: alpha2=4.09281, coef2_0=-41009.7, coef2_1=44912.4, mean2=0.499432, n2=7.70708, nbkg2=6.8071e+06, nsig2=42053, sigma2=0.00407861
RooPolynomial::poly2[ x=x2 coefList=(coef2_0,coef2_1) ]
     p.d.f value is less than zero (-9359.130569), forcing value to zero @ x=x2=0.451, coefList=(coef2_0 = -41009.7,coef2_1 = 44912.4)
     p.d.f normalization integral is zero or negative @ x=x2=0.451, coefList=(coef2_0 = -41009.7,coef2_1 = 44912.4)
     p.d.f value is less than zero (-9359.948248), forcing value to zero @ x=x2=0.453, coefList=(coef2_0 = -41009.7,coef2_1 = 44912.4)
     p.d.f normalization integral is zero or negative @ x=x2=0.453, coefList=(coef2_0 = -41009.7,coef2_1 = 44912.4)
     p.d.f value is less than zero (-9360.406627), forcing value to zero @ x=x2=0.455, coefList=(coef2_0 = -41009.7,coef2_1 = 44912.4)
     p.d.f normalization integral is zero or negative @ x=x2=0.455, coefList=(coef2_0 = -41009.7,coef2_1 = 44912.4)
     p.d.f value is less than zero (-9360.505707), forcing value to zero @ x=x2=0.457, coefList=(coef2_0 = -41009.7,coef2_1 = 44912.4)
     p.d.f normalization integral is zero or negative @ x=x2=0.457, coefList=(coef2_0 = -41009.7,coef2_1 = 44912.4)
     p.d.f value is less than zero (-9360.245488), forcing value to zero @ x=x2=0.459, coefList=(coef2_0 = -41009.7,coef2_1 = 44912.4)
     p.d.f normalization integral is zero or negative @ x=x2=0.459, coefList=(coef2_0 = -41009.7,coef2_1 = 44912.4)
     p.d.f value is less than zero (-9359.625969), forcing value to zero @ x=x2=0.461, coefList=(coef2_0 = -41009.7,coef2_1 = 44912.4)
     p.d.f normalization integral is zero or negative @ x=x2=0.461, coefList=(coef2_0 = -41009.7,coef2_1 = 44912.4)
    ... (remaining 80 messages suppressed)

[#0] WARNING:Minization -- RooFitGlue: Minimized function has error status.
Returning maximum FCN so far (-541005) to force MIGRAD to back out of this region. Error log follows
Parameter values: alpha2=4.06805, coef2_0=-48751.4, coef2_1=-26435.6, mean2=0.498808, n2=7.707, nbkg2=7.39425e+06, nsig2=197395, sigma2=0.00414883
RooPolynomial::poly2[ x=x2 coefList=(coef2_0,coef2_1) ]
     p.d.f value is less than zero (-27362.910018), forcing value to zero @ x=x2=0.451, coefList=(coef2_0 = -48751.4,coef2_1 = -26435.6)
     p.d.f normalization integral is zero or negative @ x=x2=0.451, coefList=(coef2_0 = -48751.4,coef2_1 = -26435.6)
     p.d.f value is less than zero (-27508.208372), forcing value to zero @ x=x2=0.453, coefList=(coef2_0 = -48751.4,coef2_1 = -26435.6)
     p.d.f normalization integral is zero or negative @ x=x2=0.453, coefList=(coef2_0 = -48751.4,coef2_1 = -26435.6)
     p.d.f value is less than zero (-27653.718211), forcing value to zero @ x=x2=0.455, coefList=(coef2_0 = -48751.4,coef2_1 = -26435.6)
     p.d.f normalization integral is zero or negative @ x=x2=0.455, coefList=(coef2_0 = -48751.4,coef2_1 = -26435.6)
     p.d.f value is less than zero (-27799.439535), forcing value to zero @ x=x2=0.457, coefList=(coef2_0 = -48751.4,coef2_1 = -26435.6)
     p.d.f normalization integral is zero or negative @ x=x2=0.457, coefList=(coef2_0 = -48751.4,coef2_1 = -26435.6)
     p.d.f value is less than zero (-27945.372343), forcing value to zero @ x=x2=0.459, coefList=(coef2_0 = -48751.4,coef2_1 = -26435.6)
     p.d.f normalization integral is zero or negative @ x=x2=0.459, coefList=(coef2_0 = -48751.4,coef2_1 = -26435.6)
     p.d.f value is less than zero (-28091.516636), forcing value to zero @ x=x2=0.461, coefList=(coef2_0 = -48751.4,coef2_1 = -26435.6)
     p.d.f normalization integral is zero or negative @ x=x2=0.461, coefList=(coef2_0 = -48751.4,coef2_1 = -26435.6)
    ... (remaining 80 messages suppressed)

[#0] WARNING:Minization -- RooFitGlue: Minimized function has error status.
Returning maximum FCN so far (156478) to force MIGRAD to back out of this region. Error log follows
Parameter values: alpha2=4.04325, coef2_0=-21502.3, coef2_1=1365.75, mean2=0.498048, n2=7.70693, nbkg2=86071.2, nsig2=10663.9, sigma2=0.00421777
RooPolynomial::poly2[ x=x2 coefList=(coef2_0,coef2_1) ]
     p.d.f value is less than zero (-9418.757636), forcing value to zero @ x=x2=0.451, coefList=(coef2_0 = -21502.3,coef2_1 = 1365.75)
     p.d.f normalization integral is zero or negative @ x=x2=0.451, coefList=(coef2_0 = -21502.3,coef2_1 = 1365.75)
     p.d.f value is less than zero (-9459.293025), forcing value to zero @ x=x2=0.453, coefList=(coef2_0 = -21502.3,coef2_1 = 1365.75)
     p.d.f normalization integral is zero or negative @ x=x2=0.453, coefList=(coef2_0 = -21502.3,coef2_1 = 1365.75)
     p.d.f value is less than zero (-9499.817488), forcing value to zero @ x=x2=0.455, coefList=(coef2_0 = -21502.3,coef2_1 = 1365.75)
     p.d.f normalization integral is zero or negative @ x=x2=0.455, coefList=(coef2_0 = -21502.3,coef2_1 = 1365.75)
     p.d.f value is less than zero (-9540.331024), forcing value to zero @ x=x2=0.457, coefList=(coef2_0 = -21502.3,coef2_1 = 1365.75)
     p.d.f normalization integral is zero or negative @ x=x2=0.457, coefList=(coef2_0 = -21502.3,coef2_1 = 1365.75)
     p.d.f value is less than zero (-9580.833635), forcing value to zero @ x=x2=0.459, coefList=(coef2_0 = -21502.3,coef2_1 = 1365.75)
     p.d.f normalization integral is zero or negative @ x=x2=0.459, coefList=(coef2_0 = -21502.3,coef2_1 = 1365.75)
     p.d.f value is less than zero (-9621.325320), forcing value to zero @ x=x2=0.461, coefList=(coef2_0 = -21502.3,coef2_1 = 1365.75)
     p.d.f normalization integral is zero or negative @ x=x2=0.461, coefList=(coef2_0 = -21502.3,coef2_1 = 1365.75)
    ... (remaining 80 messages suppressed)

[#0] WARNING:Minization -- RooFitGlue: Minimized function has error status.
Returning maximum FCN so far (156478) to force MIGRAD to back out of this region. Error log follows
Parameter values: alpha2=4.04305, coef2_0=-692.71, coef2_1=-79.4341, mean2=0.498041, n2=7.70693, nbkg2=103149, nsig2=12054.6, sigma2=0.00421831
RooPolynomial::poly2[ x=x2 coefList=(coef2_0,coef2_1) ]
     p.d.f value is less than zero (-327.569236), forcing value to zero @ x=x2=0.451, coefList=(coef2_0 = -692.71,coef2_1 = -79.4341)
     p.d.f normalization integral is zero or negative @ x=x2=0.451, coefList=(coef2_0 = -692.71,coef2_1 = -79.4341)
     p.d.f value is less than zero (-329.098273), forcing value to zero @ x=x2=0.453, coefList=(coef2_0 = -692.71,coef2_1 = -79.4341)
     p.d.f normalization integral is zero or negative @ x=x2=0.453, coefList=(coef2_0 = -692.71,coef2_1 = -79.4341)
     p.d.f value is less than zero (-330.627946), forcing value to zero @ x=x2=0.455, coefList=(coef2_0 = -692.71,coef2_1 = -79.4341)
     p.d.f normalization integral is zero or negative @ x=x2=0.455, coefList=(coef2_0 = -692.71,coef2_1 = -79.4341)
     p.d.f value is less than zero (-332.158254), forcing value to zero @ x=x2=0.457, coefList=(coef2_0 = -692.71,coef2_1 = -79.4341)
     p.d.f normalization integral is zero or negative @ x=x2=0.457, coefList=(coef2_0 = -692.71,coef2_1 = -79.4341)
     p.d.f value is less than zero (-333.689197), forcing value to zero @ x=x2=0.459, coefList=(coef2_0 = -692.71,coef2_1 = -79.4341)
     p.d.f normalization integral is zero or negative @ x=x2=0.459, coefList=(coef2_0 = -692.71,coef2_1 = -79.4341)
     p.d.f value is less than zero (-335.220776), forcing value to zero @ x=x2=0.461, coefList=(coef2_0 = -692.71,coef2_1 = -79.4341)
     p.d.f normalization integral is zero or negative @ x=x2=0.461, coefList=(coef2_0 = -692.71,coef2_1 = -79.4341)
    ... (remaining 80 messages suppressed)

[#0] WARNING:Minization -- RooFitGlue: Minimized function has error status.
Returning maximum FCN so far (156478) to force MIGRAD to back out of this region. Error log follows
Parameter values: alpha2=4.04305, coef2_0=-692.71, coef2_1=-79.4341, mean2=0.498041, n2=7.70693, nbkg2=103149, nsig2=12054.6, sigma2=0.00421831
RooPolynomial::poly2[ x=x2 coefList=(coef2_0,coef2_1) ]
     p.d.f value is less than zero (-327.569236), forcing value to zero @ x=x2=0.451, coefList=(coef2_0 = -692.71,coef2_1 = -79.4341)
     p.d.f normalization integral is zero or negative @ x=x2=0.451, coefList=(coef2_0 = -692.71,coef2_1 = -79.4341)
     p.d.f value is less than zero (-329.098273), forcing value to zero @ x=x2=0.453, coefList=(coef2_0 = -692.71,coef2_1 = -79.4341)
     p.d.f normalization integral is zero or negative @ x=x2=0.453, coefList=(coef2_0 = -692.71,coef2_1 = -79.4341)
     p.d.f value is less than zero (-330.627946), forcing value to zero @ x=x2=0.455, coefList=(coef2_0 = -692.71,coef2_1 = -79.4341)
     p.d.f normalization integral is zero or negative @ x=x2=0.455, coefList=(coef2_0 = -692.71,coef2_1 = -79.4341)
     p.d.f value is less than zero (-332.158254), forcing value to zero @ x=x2=0.457, coefList=(coef2_0 = -692.71,coef2_1 = -79.4341)
     p.d.f normalization integral is zero or negative @ x=x2=0.457, coefList=(coef2_0 = -692.71,coef2_1 = -79.4341)
     p.d.f value is less than zero (-333.689197), forcing value to zero @ x=x2=0.459, coefList=(coef2_0 = -692.71,coef2_1 = -79.4341)
     p.d.f normalization integral is zero or negative @ x=x2=0.459, coefList=(coef2_0 = -692.71,coef2_1 = -79.4341)
     p.d.f value is less than zero (-335.220776), forcing value to zero @ x=x2=0.461, coefList=(coef2_0 = -692.71,coef2_1 = -79.4341)
     p.d.f normalization integral is zero or negative @ x=x2=0.461, coefList=(coef2_0 = -692.71,coef2_1 = -79.4341)
    ... (remaining 80 messages suppressed)

[#0] WARNING:Minization -- RooFitGlue: Minimized function has error status.
Returning maximum FCN so far (156478) to force MIGRAD to back out of this region. Error log follows
Parameter values: alpha2=4.04305, coef2_0=-692.71, coef2_1=-79.4341, mean2=0.498041, n2=7.70693, nbkg2=103149, nsig2=12054.6, sigma2=0.00421831
RooPolynomial::poly2[ x=x2 coefList=(coef2_0,coef2_1) ]
     p.d.f value is less than zero (-327.569236), forcing value to zero @ x=x2=0.451, coefList=(coef2_0 = -692.71,coef2_1 = -79.4341)
     p.d.f normalization integral is zero or negative @ x=x2=0.451, coefList=(coef2_0 = -692.71,coef2_1 = -79.4341)
     p.d.f value is less than zero (-329.098273), forcing value to zero @ x=x2=0.453, coefList=(coef2_0 = -692.71,coef2_1 = -79.4341)
     p.d.f normalization integral is zero or negative @ x=x2=0.453, coefList=(coef2_0 = -692.71,coef2_1 = -79.4341)
     p.d.f value is less than zero (-330.627946), forcing value to zero @ x=x2=0.455, coefList=(coef2_0 = -692.71,coef2_1 = -79.4341)
     p.d.f normalization integral is zero or negative @ x=x2=0.455, coefList=(coef2_0 = -692.71,coef2_1 = -79.4341)
     p.d.f value is less than zero (-332.158254), forcing value to zero @ x=x2=0.457, coefList=(coef2_0 = -692.71,coef2_1 = -79.4341)
     p.d.f normalization integral is zero or negative @ x=x2=0.457, coefList=(coef2_0 = -692.71,coef2_1 = -79.4341)
     p.d.f value is less than zero (-333.689197), forcing value to zero @ x=x2=0.459, coefList=(coef2_0 = -692.71,coef2_1 = -79.4341)
     p.d.f normalization integral is zero or negative @ x=x2=0.459, coefList=(coef2_0 = -692.71,coef2_1 = -79.4341)
     p.d.f value is less than zero (-335.220776), forcing value to zero @ x=x2=0.461, coefList=(coef2_0 = -692.71,coef2_1 = -79.4341)
     p.d.f normalization integral is zero or negative @ x=x2=0.461, coefList=(coef2_0 = -692.71,coef2_1 = -79.4341)
    ... (remaining 80 messages suppressed)

 MINUIT WARNING IN HESSE   
 ============== Negative diagonal element 1 in Error Matrix
 MINUIT WARNING IN HESSE   
 ============== Negative diagonal element 5 in Error Matrix
 MINUIT WARNING IN HESSE   
 ============== 1.00078 added to diagonal of error matrix
 EIGENVALUES OF SECOND-DERIVATIVE MATRIX:
        -4.5572e-01  3.2528e-01  9.9165e-01  1.0000e+00  1.0000e+00  1.1039e+00  1.5705e+00  2.4645e+00
 MINUIT WARNING IN HESSE   
 ============== MATRIX FORCED POS-DEF BY ADDING 0.458184 TO DIAGONAL.
[#1] INFO:Plotting -- RooAbsPdf::plotOn(model1) directly selected PDF components: (poly1)
[#1] INFO:Plotting -- RooAbsPdf::plotOn(model1) indirectly selected PDF components: ()
[#1] INFO:Plotting -- RooAbsPdf::plotOn(model1) directly selected PDF components: (cb1)
[#1] INFO:Plotting -- RooAbsPdf::plotOn(model1) indirectly selected PDF components: ()
[#1] INFO:Plotting -- RooAbsPdf::plotOn(model2) directly selected PDF components: (poly2)
[#1] INFO:Plotting -- RooAbsPdf::plotOn(model2) indirectly selected PDF components: ()
[#1] INFO:Plotting -- RooAbsPdf::plotOn(model2) directly selected PDF components: (cb2)
[#1] INFO:Plotting -- RooAbsPdf::plotOn(model2) indirectly selected PDF components: ()
Running eta bin number: 2
tofHit0 > 0 && tofHit1 > 0 && etaHadron1 > -0.500000 && etaHadron1 < -0.300000
tofHit0 > 0 && tofHit1 > 0 && etaHadron0 > -0.500000 && etaHadron0 < -0.300000
tofHit0 > 0 && tofHit1 < 0 && etaHadron1 > -0.500000 && etaHadron1 < -0.300000
tofHit2 > 0 && tofHit3 > 0 && etaHadron3 > -0.500000 && etaHadron3 < -0.300000
tofHit2 > 0 && tofHit3 > 0 && etaHadron2 > -0.500000 && etaHadron2 < -0.300000
tofHit2 > 0 && tofHit3 < 0 && etaHadron3 > -0.500000 && etaHadron3 < -0.300000
tofHit4 > 0 && tofHit5 > 0 && etaHadron5 > -0.500000 && etaHadron5 < -0.300000
tofHit4 > 0 && tofHit5 > 0 && etaHadron4 > -0.500000 && etaHadron4 < -0.300000
tofHit4 > 0 && tofHit5 < 0 && etaHadron5 > -0.500000 && etaHadron5 < -0.300000
tofHit6 > 0 && tofHit7 > 0 && etaHadron7 > -0.500000 && etaHadron7 < -0.300000
tofHit6 > 0 && tofHit7 > 0 && etaHadron6 > -0.500000 && etaHadron6 < -0.300000
tofHit6 > 0 && tofHit7 < 0 && etaHadron7 > -0.500000 && etaHadron7 < -0.300000
tofHit8 > 0 && tofHit9 > 0 && etaHadron9 > -0.500000 && etaHadron9 < -0.300000
tofHit8 > 0 && tofHit9 > 0 && etaHadron8 > -0.500000 && etaHadron8 < -0.300000
tofHit8 > 0 && tofHit9 < 0 && etaHadron9 > -0.500000 && etaHadron9 < -0.300000
Entries in hist: 2.72448e+06
tofHit0 > 0 && tofHit1 > 0 && etaHadron1 > -0.500000 && etaHadron1 < -0.300000
tofHit0 > 0 && tofHit1 > 0 && etaHadron0 > -0.500000 && etaHadron0 < -0.300000
tofHit0 > 0 && tofHit1 < 0 && etaHadron1 > -0.500000 && etaHadron1 < -0.300000
tofHit2 > 0 && tofHit3 > 0 && etaHadron3 > -0.500000 && etaHadron3 < -0.300000
tofHit2 > 0 && tofHit3 > 0 && etaHadron2 > -0.500000 && etaHadron2 < -0.300000
tofHit2 > 0 && tofHit3 < 0 && etaHadron3 > -0.500000 && etaHadron3 < -0.300000
tofHit4 > 0 && tofHit5 > 0 && etaHadron5 > -0.500000 && etaHadron5 < -0.300000
tofHit4 > 0 && tofHit5 > 0 && etaHadron4 > -0.500000 && etaHadron4 < -0.300000
tofHit4 > 0 && tofHit5 < 0 && etaHadron5 > -0.500000 && etaHadron5 < -0.300000
tofHit6 > 0 && tofHit7 > 0 && etaHadron7 > -0.500000 && etaHadron7 < -0.300000
tofHit6 > 0 && tofHit7 > 0 && etaHadron6 > -0.500000 && etaHadron6 < -0.300000
tofHit6 > 0 && tofHit7 < 0 && etaHadron7 > -0.500000 && etaHadron7 < -0.300000
tofHit8 > 0 && tofHit9 > 0 && etaHadron9 > -0.500000 && etaHadron9 < -0.300000
tofHit8 > 0 && tofHit9 > 0 && etaHadron8 > -0.500000 && etaHadron8 < -0.300000
tofHit8 > 0 && tofHit9 < 0 && etaHadron9 > -0.500000 && etaHadron9 < -0.300000
Entries in hist: 1.09469e+06
[#1] INFO:DataHandling -- RooDataHist::adjustBinning(data1): fit range of variable x1 expanded to nearest bin boundaries: [0.45,0.54] --> [0.45,0.54]
[#1] INFO:DataHandling -- RooDataHist::adjustBinning(data2): fit range of variable x2 expanded to nearest bin boundaries: [0.45,0.54] --> [0.45,0.54]
[#1] INFO:Minization -- p.d.f. provides expected number of events, including extended term in likelihood.
[#1] INFO:Minization --  The following expressions will be evaluated in cache-and-track mode: (cb1,poly1)
[#0] WARNING:Minization -- RooFitGlue: Minimized function has error status.
Returning maximum FCN so far (-1.61149e+07) to force MIGRAD to back out of this region. Error log follows
Parameter values: alpha1=1.3, coef1_0=15000, coef1_1=-48907.1, mean1=0.497611, n1=4, nbkg1=300000, nsig1=9000, sigma1=0.004
RooPolynomial::poly1[ x=x1 coefList=(coef1_0,coef1_1) ]
     p.d.f value is less than zero (-3181.748690), forcing value to zero @ x=x1=0.451, coefList=(coef1_0 = 15000,coef1_1 = -48907.1)
     p.d.f normalization integral is zero or negative @ x=x1=0.451, coefList=(coef1_0 = 15000,coef1_1 = -48907.1)
     p.d.f value is less than zero (-3240.172688), forcing value to zero @ x=x1=0.453, coefList=(coef1_0 = 15000,coef1_1 = -48907.1)
     p.d.f normalization integral is zero or negative @ x=x1=0.453, coefList=(coef1_0 = 15000,coef1_1 = -48907.1)
     p.d.f value is less than zero (-3298.987943), forcing value to zero @ x=x1=0.455, coefList=(coef1_0 = 15000,coef1_1 = -48907.1)
     p.d.f normalization integral is zero or negative @ x=x1=0.455, coefList=(coef1_0 = 15000,coef1_1 = -48907.1)
     p.d.f value is less than zero (-3358.194454), forcing value to zero @ x=x1=0.457, coefList=(coef1_0 = 15000,coef1_1 = -48907.1)
     p.d.f normalization integral is zero or negative @ x=x1=0.457, coefList=(coef1_0 = 15000,coef1_1 = -48907.1)
     p.d.f value is less than zero (-3417.792222), forcing value to zero @ x=x1=0.459, coefList=(coef1_0 = 15000,coef1_1 = -48907.1)
     p.d.f normalization integral is zero or negative @ x=x1=0.459, coefList=(coef1_0 = 15000,coef1_1 = -48907.1)
     p.d.f value is less than zero (-3477.781247), forcing value to zero @ x=x1=0.461, coefList=(coef1_0 = 15000,coef1_1 = -48907.1)
     p.d.f normalization integral is zero or negative @ x=x1=0.461, coefList=(coef1_0 = 15000,coef1_1 = -48907.1)
    ... (remaining 80 messages suppressed)

[#0] WARNING:Minization -- RooFitGlue: Minimized function has error status.
Returning maximum FCN so far (-1.61149e+07) to force MIGRAD to back out of this region. Error log follows
Parameter values: alpha1=1.3, coef1_0=15000, coef1_1=-37246.6, mean1=0.497611, n1=4, nbkg1=300000, nsig1=9000, sigma1=0.004
RooPolynomial::poly1[ x=x1 coefList=(coef1_0,coef1_1) ]
     p.d.f value is less than zero (-809.993416), forcing value to zero @ x=x1=0.451, coefList=(coef1_0 = 15000,coef1_1 = -37246.6)
     p.d.f normalization integral is zero or negative @ x=x1=0.451, coefList=(coef1_0 = 15000,coef1_1 = -37246.6)
     p.d.f value is less than zero (-847.335248), forcing value to zero @ x=x1=0.453, coefList=(coef1_0 = 15000,coef1_1 = -37246.6)
     p.d.f normalization integral is zero or negative @ x=x1=0.453, coefList=(coef1_0 = 15000,coef1_1 = -37246.6)
     p.d.f value is less than zero (-884.975054), forcing value to zero @ x=x1=0.455, coefList=(coef1_0 = 15000,coef1_1 = -37246.6)
     p.d.f normalization integral is zero or negative @ x=x1=0.455, coefList=(coef1_0 = 15000,coef1_1 = -37246.6)
     p.d.f value is less than zero (-922.912832), forcing value to zero @ x=x1=0.457, coefList=(coef1_0 = 15000,coef1_1 = -37246.6)
     p.d.f normalization integral is zero or negative @ x=x1=0.457, coefList=(coef1_0 = 15000,coef1_1 = -37246.6)
     p.d.f value is less than zero (-961.148583), forcing value to zero @ x=x1=0.459, coefList=(coef1_0 = 15000,coef1_1 = -37246.6)
     p.d.f normalization integral is zero or negative @ x=x1=0.459, coefList=(coef1_0 = 15000,coef1_1 = -37246.6)
     p.d.f value is less than zero (-999.682306), forcing value to zero @ x=x1=0.461, coefList=(coef1_0 = 15000,coef1_1 = -37246.6)
     p.d.f normalization integral is zero or negative @ x=x1=0.461, coefList=(coef1_0 = 15000,coef1_1 = -37246.6)
    ... (remaining 80 messages suppressed)

 MINUIT WARNING IN HESSE   
 ============== Negative diagonal element 8 in Error Matrix
 MINUIT WARNING IN HESSE   
 ============== 1.3384 added to diagonal of error matrix
 EIGENVALUES OF SECOND-DERIVATIVE MATRIX:
        -6.4939e-01  2.0638e-01  9.4799e-01  9.9966e-01  1.0000e+00  1.0567e+00  1.8225e+00  2.6161e+00
 MINUIT WARNING IN HESSE   
 ============== MATRIX FORCED POS-DEF BY ADDING 0.652008 TO DIAGONAL.
 MINUIT WARNING IN MIGRAD  
 ============== Negative diagonal element 8 in Error Matrix
 MINUIT WARNING IN MIGRAD  
 ============== 1.59832 added to diagonal of error matrix
[#0] WARNING:Minization -- RooFitGlue: Minimized function has error status.
Returning maximum FCN so far (-1.61149e+07) to force MIGRAD to back out of this region. Error log follows
Parameter values: alpha1=4.33178, coef1_0=-12709, coef1_1=-11160, mean1=0.499434, n1=3.00001, nbkg1=9.65525e+06, nsig1=7777.33, sigma1=0.00494845
RooPolynomial::poly1[ x=x1 coefList=(coef1_0,coef1_1) ]
     p.d.f value is less than zero (-8000.740509), forcing value to zero @ x=x1=0.451, coefList=(coef1_0 = -12709,coef1_1 = -11160)
     p.d.f normalization integral is zero or negative @ x=x1=0.451, coefList=(coef1_0 = -12709,coef1_1 = -11160)
     p.d.f value is less than zero (-8046.335925), forcing value to zero @ x=x1=0.453, coefList=(coef1_0 = -12709,coef1_1 = -11160)
     p.d.f normalization integral is zero or negative @ x=x1=0.453, coefList=(coef1_0 = -12709,coef1_1 = -11160)
     p.d.f value is less than zero (-8092.020621), forcing value to zero @ x=x1=0.455, coefList=(coef1_0 = -12709,coef1_1 = -11160)
     p.d.f normalization integral is zero or negative @ x=x1=0.455, coefList=(coef1_0 = -12709,coef1_1 = -11160)
     p.d.f value is less than zero (-8137.794597), forcing value to zero @ x=x1=0.457, coefList=(coef1_0 = -12709,coef1_1 = -11160)
     p.d.f normalization integral is zero or negative @ x=x1=0.457, coefList=(coef1_0 = -12709,coef1_1 = -11160)
     p.d.f value is less than zero (-8183.657853), forcing value to zero @ x=x1=0.459, coefList=(coef1_0 = -12709,coef1_1 = -11160)
     p.d.f normalization integral is zero or negative @ x=x1=0.459, coefList=(coef1_0 = -12709,coef1_1 = -11160)
     p.d.f value is less than zero (-8229.610389), forcing value to zero @ x=x1=0.461, coefList=(coef1_0 = -12709,coef1_1 = -11160)
     p.d.f normalization integral is zero or negative @ x=x1=0.461, coefList=(coef1_0 = -12709,coef1_1 = -11160)
    ... (remaining 80 messages suppressed)

[#0] WARNING:Minization -- RooFitGlue: Minimized function has error status.
Returning maximum FCN so far (-1.61149e+07) to force MIGRAD to back out of this region. Error log follows
Parameter values: alpha1=4.2821, coef1_0=-22467.5, coef1_1=-47724.6, mean1=0.498159, n1=3.00001, nbkg1=3.64473e+07, nsig1=126290, sigma1=0.00499211
RooPolynomial::poly1[ x=x1 coefList=(coef1_0,coef1_1) ]
     p.d.f value is less than zero (-19839.086698), forcing value to zero @ x=x1=0.451, coefList=(coef1_0 = -22467.5,coef1_1 = -47724.6)
     p.d.f normalization integral is zero or negative @ x=x1=0.451, coefList=(coef1_0 = -22467.5,coef1_1 = -47724.6)
     p.d.f value is less than zero (-19970.307856), forcing value to zero @ x=x1=0.453, coefList=(coef1_0 = -22467.5,coef1_1 = -47724.6)
     p.d.f normalization integral is zero or negative @ x=x1=0.453, coefList=(coef1_0 = -22467.5,coef1_1 = -47724.6)
     p.d.f value is less than zero (-20101.910810), forcing value to zero @ x=x1=0.455, coefList=(coef1_0 = -22467.5,coef1_1 = -47724.6)
     p.d.f normalization integral is zero or negative @ x=x1=0.455, coefList=(coef1_0 = -22467.5,coef1_1 = -47724.6)
     p.d.f value is less than zero (-20233.895562), forcing value to zero @ x=x1=0.457, coefList=(coef1_0 = -22467.5,coef1_1 = -47724.6)
     p.d.f normalization integral is zero or negative @ x=x1=0.457, coefList=(coef1_0 = -22467.5,coef1_1 = -47724.6)
     p.d.f value is less than zero (-20366.262110), forcing value to zero @ x=x1=0.459, coefList=(coef1_0 = -22467.5,coef1_1 = -47724.6)
     p.d.f normalization integral is zero or negative @ x=x1=0.459, coefList=(coef1_0 = -22467.5,coef1_1 = -47724.6)
     p.d.f value is less than zero (-20499.010456), forcing value to zero @ x=x1=0.461, coefList=(coef1_0 = -22467.5,coef1_1 = -47724.6)
     p.d.f normalization integral is zero or negative @ x=x1=0.461, coefList=(coef1_0 = -22467.5,coef1_1 = -47724.6)
    ... (remaining 80 messages suppressed)

[#0] WARNING:Minization -- RooFitGlue: Minimized function has error status.
Returning maximum FCN so far (-1.39835e+07) to force MIGRAD to back out of this region. Error log follows
Parameter values: alpha1=4.29342, coef1_0=-40494.5, coef1_1=35379.5, mean1=0.499996, n1=3.00001, nbkg1=5.77417e+07, nsig1=12834.6, sigma1=0.00499725
RooPolynomial::poly1[ x=x1 coefList=(coef1_0,coef1_1) ]
     p.d.f value is less than zero (-11065.774629), forcing value to zero @ x=x1=0.451, coefList=(coef1_0 = -40494.5,coef1_1 = 35379.5)
     p.d.f normalization integral is zero or negative @ x=x1=0.451, coefList=(coef1_0 = -40494.5,coef1_1 = 35379.5)
     p.d.f value is less than zero (-11082.797397), forcing value to zero @ x=x1=0.453, coefList=(coef1_0 = -40494.5,coef1_1 = 35379.5)
     p.d.f normalization integral is zero or negative @ x=x1=0.453, coefList=(coef1_0 = -40494.5,coef1_1 = 35379.5)
     p.d.f value is less than zero (-11099.537130), forcing value to zero @ x=x1=0.455, coefList=(coef1_0 = -40494.5,coef1_1 = 35379.5)
     p.d.f normalization integral is zero or negative @ x=x1=0.455, coefList=(coef1_0 = -40494.5,coef1_1 = 35379.5)
     p.d.f value is less than zero (-11115.993826), forcing value to zero @ x=x1=0.457, coefList=(coef1_0 = -40494.5,coef1_1 = 35379.5)
     p.d.f normalization integral is zero or negative @ x=x1=0.457, coefList=(coef1_0 = -40494.5,coef1_1 = 35379.5)
     p.d.f value is less than zero (-11132.167486), forcing value to zero @ x=x1=0.459, coefList=(coef1_0 = -40494.5,coef1_1 = 35379.5)
     p.d.f normalization integral is zero or negative @ x=x1=0.459, coefList=(coef1_0 = -40494.5,coef1_1 = 35379.5)
     p.d.f value is less than zero (-11148.058110), forcing value to zero @ x=x1=0.461, coefList=(coef1_0 = -40494.5,coef1_1 = 35379.5)
     p.d.f normalization integral is zero or negative @ x=x1=0.461, coefList=(coef1_0 = -40494.5,coef1_1 = 35379.5)
    ... (remaining 80 messages suppressed)

 EIGENVALUES OF SECOND-DERIVATIVE MATRIX:
        -1.9374e+00  2.0682e-01  9.4551e-01  9.9074e-01  1.0090e+00  1.0609e+00  1.8229e+00  3.9015e+00
 MINUIT WARNING IN HESSE   
 ============== MATRIX FORCED POS-DEF BY ADDING 1.941303 TO DIAGONAL.
-----------------------------------------------------------------------------------------------------------
-----------------------------------------------------------------------------------------------------------
-----------------------------------------------------------------------------------------------------------
[#1] INFO:Minization -- p.d.f. provides expected number of events, including extended term in likelihood.
[#1] INFO:Minization --  The following expressions will be evaluated in cache-and-track mode: (cb2,poly2)
[#0] WARNING:Minization -- RooFitGlue: Minimized function has error status.
Returning maximum FCN so far (-709230) to force MIGRAD to back out of this region. Error log follows
Parameter values: alpha2=1.3, coef2_0=2326.39, coef2_1=-6345.51, mean2=0.497611, n2=4, nbkg2=1e+06, nsig2=5500, sigma2=0.004
RooPolynomial::poly2[ x=x2 coefList=(coef2_0,coef2_1) ]
     p.d.f value is less than zero (-240.481058), forcing value to zero @ x=x2=0.451, coefList=(coef2_0 = 2326.39,coef2_1 = -6345.51)
     p.d.f normalization integral is zero or negative @ x=x2=0.451, coefList=(coef2_0 = 2326.39,coef2_1 = -6345.51)
     p.d.f value is less than zero (-247.300955), forcing value to zero @ x=x2=0.453, coefList=(coef2_0 = 2326.39,coef2_1 = -6345.51)
     p.d.f normalization integral is zero or negative @ x=x2=0.453, coefList=(coef2_0 = 2326.39,coef2_1 = -6345.51)
     p.d.f value is less than zero (-254.171616), forcing value to zero @ x=x2=0.455, coefList=(coef2_0 = 2326.39,coef2_1 = -6345.51)
     p.d.f normalization integral is zero or negative @ x=x2=0.455, coefList=(coef2_0 = 2326.39,coef2_1 = -6345.51)
     p.d.f value is less than zero (-261.093041), forcing value to zero @ x=x2=0.457, coefList=(coef2_0 = 2326.39,coef2_1 = -6345.51)
     p.d.f normalization integral is zero or negative @ x=x2=0.457, coefList=(coef2_0 = 2326.39,coef2_1 = -6345.51)
     p.d.f value is less than zero (-268.065230), forcing value to zero @ x=x2=0.459, coefList=(coef2_0 = 2326.39,coef2_1 = -6345.51)
     p.d.f normalization integral is zero or negative @ x=x2=0.459, coefList=(coef2_0 = 2326.39,coef2_1 = -6345.51)
     p.d.f value is less than zero (-275.088184), forcing value to zero @ x=x2=0.461, coefList=(coef2_0 = 2326.39,coef2_1 = -6345.51)
     p.d.f normalization integral is zero or negative @ x=x2=0.461, coefList=(coef2_0 = 2326.39,coef2_1 = -6345.51)
    ... (remaining 80 messages suppressed)

 MINUIT WARNING IN HESSE   
 ============== Negative diagonal element 1 in Error Matrix
 MINUIT WARNING IN HESSE   
 ============== 1.00143 added to diagonal of error matrix
 EIGENVALUES OF SECOND-DERIVATIVE MATRIX:
        -4.1425e-01  3.3221e-01  9.7842e-01  9.9999e-01  1.0000e+00  1.1056e+00  1.5636e+00  2.4344e+00
 MINUIT WARNING IN HESSE   
 ============== MATRIX FORCED POS-DEF BY ADDING 0.416685 TO DIAGONAL.
[#1] INFO:Plotting -- RooAbsPdf::plotOn(model1) directly selected PDF components: (poly1)
[#1] INFO:Plotting -- RooAbsPdf::plotOn(model1) indirectly selected PDF components: ()
[#1] INFO:Plotting -- RooAbsPdf::plotOn(model1) directly selected PDF components: (cb1)
[#1] INFO:Plotting -- RooAbsPdf::plotOn(model1) indirectly selected PDF components: ()
[#1] INFO:Plotting -- RooAbsPdf::plotOn(model2) directly selected PDF components: (poly2)
[#1] INFO:Plotting -- RooAbsPdf::plotOn(model2) indirectly selected PDF components: ()
[#1] INFO:Plotting -- RooAbsPdf::plotOn(model2) directly selected PDF components: (cb2)
[#1] INFO:Plotting -- RooAbsPdf::plotOn(model2) indirectly selected PDF components: ()
Running eta bin number: 3
tofHit0 > 0 && tofHit1 > 0 && etaHadron1 > -0.300000 && etaHadron1 < -0.100000
tofHit0 > 0 && tofHit1 > 0 && etaHadron0 > -0.300000 && etaHadron0 < -0.100000
tofHit0 > 0 && tofHit1 < 0 && etaHadron1 > -0.300000 && etaHadron1 < -0.100000
tofHit2 > 0 && tofHit3 > 0 && etaHadron3 > -0.300000 && etaHadron3 < -0.100000
tofHit2 > 0 && tofHit3 > 0 && etaHadron2 > -0.300000 && etaHadron2 < -0.100000
tofHit2 > 0 && tofHit3 < 0 && etaHadron3 > -0.300000 && etaHadron3 < -0.100000
tofHit4 > 0 && tofHit5 > 0 && etaHadron5 > -0.300000 && etaHadron5 < -0.100000
tofHit4 > 0 && tofHit5 > 0 && etaHadron4 > -0.300000 && etaHadron4 < -0.100000
tofHit4 > 0 && tofHit5 < 0 && etaHadron5 > -0.300000 && etaHadron5 < -0.100000
tofHit6 > 0 && tofHit7 > 0 && etaHadron7 > -0.300000 && etaHadron7 < -0.100000
tofHit6 > 0 && tofHit7 > 0 && etaHadron6 > -0.300000 && etaHadron6 < -0.100000
tofHit6 > 0 && tofHit7 < 0 && etaHadron7 > -0.300000 && etaHadron7 < -0.100000
tofHit8 > 0 && tofHit9 > 0 && etaHadron9 > -0.300000 && etaHadron9 < -0.100000
tofHit8 > 0 && tofHit9 > 0 && etaHadron8 > -0.300000 && etaHadron8 < -0.100000
tofHit8 > 0 && tofHit9 < 0 && etaHadron9 > -0.300000 && etaHadron9 < -0.100000
