
[1mRooFit v3.60 -- Developed by Wouter Verkerke and David Kirkby[0m 
                Copyright (C) 2000-2013 NIKHEF, University of California & Stanford University
                All rights reserved, please read http://roofit.sourceforge.net/license.txt

Starting the analysis...
Output file created...
outfile connected successfully.
Successfully added all histograms together...
Creating plots from TofEffMult...
Input from root list: /gpfs01/star/pwg/mvranovsk/Run17_P20ic/TofEffMult_14.12.24/merged/StRP_production.list
Input from 1 files...
input position: /gpfs01/star/pwg/mvranovsk/Run17_P20ic/TofEffMult_14.12.24/merged/StRP_production.list
Beginning efficiency plot for eta
Running eta bin number: 0
tofHit0 > 0 && tofHit1 > 0 && etaHadron1 > -0.900000 && etaHadron1 < -0.700000
tofHit0 > 0 && tofHit1 < 0 && etaHadron1 > -0.900000 && etaHadron1 < -0.700000
tofHit2 > 0 && tofHit3 > 0 && etaHadron3 > -0.900000 && etaHadron3 < -0.700000
tofHit2 > 0 && tofHit3 < 0 && etaHadron3 > -0.900000 && etaHadron3 < -0.700000
tofHit4 > 0 && tofHit5 > 0 && etaHadron5 > -0.900000 && etaHadron5 < -0.700000
tofHit4 > 0 && tofHit5 < 0 && etaHadron5 > -0.900000 && etaHadron5 < -0.700000
tofHit6 > 0 && tofHit7 > 0 && etaHadron7 > -0.900000 && etaHadron7 < -0.700000
tofHit6 > 0 && tofHit7 < 0 && etaHadron7 > -0.900000 && etaHadron7 < -0.700000
