Directory not found: hVtxZFillNum
Warning in <TCanvas::Constructor>: Deleting canvas with same name: TriggerBitsJPsiData
Warning in <TCanvas::Constructor>: Deleting canvas with same name: TriggerBitsJPsiData
Warning in <TCanvas::Constructor>: Deleting canvas with same name: TriggerBitsJPsiData
Warning in <TCanvas::Constructor>: Deleting canvas with same name: TriggerBitsJPsiData
Warning in <TCanvas::Constructor>: Deleting canvas with same name: TriggerBitsJPsiData
Warning in <TCanvas::Constructor>: Deleting canvas with same name: TriggerBitsJPsiData
Warning in <TCanvas::Constructor>: Deleting canvas with same name: hAnalysisFlowJPsiData
Warning in <TCanvas::Constructor>: Deleting canvas with same name: hAnalysisFlowJPsiData
Warning in <TCanvas::Constructor>: Deleting canvas with same name: hAnalysisFlowJPsiData
Warning in <TCanvas::Constructor>: Deleting canvas with same name: hAnalysisFlowJPsiData
Warning in <TCanvas::Constructor>: Deleting canvas with same name: hAnalysisFlowJPsiData
Warning in <TCanvas::Constructor>: Deleting canvas with same name: hAnalysisFlowJPsiData
Warning in <TCanvas::Constructor>: Deleting canvas with same name: hDEdxSignalJPsiData
Warning in <TCanvas::Constructor>: Deleting canvas with same name: hDEdxSignalJPsiData
Warning in <TCanvas::Constructor>: Deleting canvas with same name: hDEdxSignalJPsiData
Warning in <TCanvas::Constructor>: Deleting canvas with same name: hDEdxSignalJPsiData
Warning in <TCanvas::Constructor>: Deleting canvas with same name: hDEdxSignalJPsiData
Warning in <TCanvas::Constructor>: Deleting canvas with same name: hDEdxSignalJPsiData
Warning in <TCanvas::Constructor>: Deleting canvas with same name: hDcaXYJPsiData
Warning in <TCanvas::Constructor>: Deleting canvas with same name: hDcaXYJPsiData
Warning in <TCanvas::Constructor>: Deleting canvas with same name: hDcaXYJPsiData
Warning in <TCanvas::Constructor>: Deleting canvas with same name: hDcaXYJPsiData
Warning in <TCanvas::Constructor>: Deleting canvas with same name: hDcaXYJPsiData
Warning in <TCanvas::Constructor>: Deleting canvas with same name: hDcaXYJPsiData
Warning in <TCanvas::Constructor>: Deleting canvas with same name: hDcaXYCutJPsiData
Warning in <TCanvas::Constructor>: Deleting canvas with same name: hDcaXYCutJPsiData
Warning in <TCanvas::Constructor>: Deleting canvas with same name: hDcaXYCutJPsiData
Warning in <TCanvas::Constructor>: Deleting canvas with same name: hDcaXYCutJPsiData
Warning in <TCanvas::Constructor>: Deleting canvas with same name: hDcaXYCutJPsiData
Warning in <TCanvas::Constructor>: Deleting canvas with same name: hDcaXYCutJPsiData
Warning in <TCanvas::Constructor>: Deleting canvas with same name: hDcaZJPsiData
Warning in <TCanvas::Constructor>: Deleting canvas with same name: hDcaZJPsiData
Warning in <TCanvas::Constructor>: Deleting canvas with same name: hDcaZJPsiData
Warning in <TCanvas::Constructor>: Deleting canvas with same name: hDcaZJPsiData
Warning in <TCanvas::Constructor>: Deleting canvas with same name: hDcaZJPsiData
Warning in <TCanvas::Constructor>: Deleting canvas with same name: hDcaZJPsiData
Warning in <TCanvas::Constructor>: Deleting canvas with same name: hDcaZCutJPsiData
Warning in <TCanvas::Constructor>: Deleting canvas with same name: hDcaZCutJPsiData
Warning in <TCanvas::Constructor>: Deleting canvas with same name: hDcaZCutJPsiData
Warning in <TCanvas::Constructor>: Deleting canvas with same name: hDcaZCutJPsiData
Warning in <TCanvas::Constructor>: Deleting canvas with same name: hDcaZCutJPsiData
Warning in <TCanvas::Constructor>: Deleting canvas with same name: hDcaZCutJPsiData
Warning in <TCanvas::Constructor>: Deleting canvas with same name: hEtaJPsiData
Warning in <TCanvas::Constructor>: Deleting canvas with same name: hEtaJPsiData
Warning in <TCanvas::Constructor>: Deleting canvas with same name: hEtaJPsiData
Warning in <TCanvas::Constructor>: Deleting canvas with same name: hEtaJPsiData
Warning in <TCanvas::Constructor>: Deleting canvas with same name: hEtaJPsiData
Warning in <TCanvas::Constructor>: Deleting canvas with same name: hEtaJPsiData
Warning in <TCanvas::Constructor>: Deleting canvas with same name: hEtaBemcJPsiData
Warning in <TCanvas::Constructor>: Deleting canvas with same name: hEtaBemcJPsiData
Warning in <TCanvas::Constructor>: Deleting canvas with same name: hEtaBemcJPsiData
Warning in <TCanvas::Constructor>: Deleting canvas with same name: hEtaBemcJPsiData
Warning in <TCanvas::Constructor>: Deleting canvas with same name: hEtaBemcJPsiData
Warning in <TCanvas::Constructor>: Deleting canvas with same name: hEtaBemcJPsiData
Warning in <TCanvas::Constructor>: Deleting canvas with same name: hEtaBemcCutJPsiData
Warning in <TCanvas::Constructor>: Deleting canvas with same name: hEtaBemcCutJPsiData
Warning in <TCanvas::Constructor>: Deleting canvas with same name: hEtaBemcCutJPsiData
Warning in <TCanvas::Constructor>: Deleting canvas with same name: hEtaBemcCutJPsiData
Warning in <TCanvas::Constructor>: Deleting canvas with same name: hEtaBemcCutJPsiData
Warning in <TCanvas::Constructor>: Deleting canvas with same name: hEtaBemcCutJPsiData
Warning in <TCanvas::Constructor>: Deleting canvas with same name: hEtaCutJPsiData
Warning in <TCanvas::Constructor>: Deleting canvas with same name: hEtaCutJPsiData
Warning in <TCanvas::Constructor>: Deleting canvas with same name: hEtaCutJPsiData
Warning in <TCanvas::Constructor>: Deleting canvas with same name: hEtaCutJPsiData
Warning in <TCanvas::Constructor>: Deleting canvas with same name: hEtaCutJPsiData
Warning in <TCanvas::Constructor>: Deleting canvas with same name: hEtaCutJPsiData
Warning in <TCanvas::Constructor>: Deleting canvas with same name: hNSigmaKJPsiData
Warning in <TCanvas::Constructor>: Deleting canvas with same name: hNSigmaKJPsiData
Warning in <TCanvas::Constructor>: Deleting canvas with same name: hNSigmaKJPsiData
Warning in <TCanvas::Constructor>: Deleting canvas with same name: hNSigmaKJPsiData
Warning in <TCanvas::Constructor>: Deleting canvas with same name: hNSigmaKJPsiData
Warning in <TCanvas::Constructor>: Deleting canvas with same name: hNSigmaKJPsiData
Warning in <TCanvas::Constructor>: Deleting canvas with same name: hNSigmaPJPsiData
Warning in <TCanvas::Constructor>: Deleting canvas with same name: hNSigmaPJPsiData
Warning in <TCanvas::Constructor>: Deleting canvas with same name: hNSigmaPJPsiData
Warning in <TCanvas::Constructor>: Deleting canvas with same name: hNSigmaPJPsiData
Warning in <TCanvas::Constructor>: Deleting canvas with same name: hNSigmaPJPsiData
Warning in <TCanvas::Constructor>: Deleting canvas with same name: hNSigmaPJPsiData
Warning in <TCanvas::Constructor>: Deleting canvas with same name: hNSigmaPiJPsiData
Warning in <TCanvas::Constructor>: Deleting canvas with same name: hNSigmaPiJPsiData
Warning in <TCanvas::Constructor>: Deleting canvas with same name: hNSigmaPiJPsiData
Warning in <TCanvas::Constructor>: Deleting canvas with same name: hNSigmaPiJPsiData
Warning in <TCanvas::Constructor>: Deleting canvas with same name: hNSigmaPiJPsiData
Warning in <TCanvas::Constructor>: Deleting canvas with same name: hNSigmaPiJPsiData
Warning in <TCanvas::Constructor>: Deleting canvas with same name: hNTracksBEMCJPsiData
Warning in <TCanvas::Constructor>: Deleting canvas with same name: hNTracksBEMCJPsiData
Warning in <TCanvas::Constructor>: Deleting canvas with same name: hNTracksBEMCJPsiData
Warning in <TCanvas::Constructor>: Deleting canvas with same name: hNTracksBEMCJPsiData
Warning in <TCanvas::Constructor>: Deleting canvas with same name: hNTracksBEMCJPsiData
Warning in <TCanvas::Constructor>: Deleting canvas with same name: hNTracksBEMCJPsiData
Warning in <TCanvas::Constructor>: Deleting canvas with same name: hNTracksTpcJPsiData
Warning in <TCanvas::Constructor>: Deleting canvas with same name: hNTracksTpcJPsiData
Warning in <TCanvas::Constructor>: Deleting canvas with same name: hNTracksTpcJPsiData
Warning in <TCanvas::Constructor>: Deleting canvas with same name: hNTracksTpcJPsiData
Warning in <TCanvas::Constructor>: Deleting canvas with same name: hNTracksTpcJPsiData
Warning in <TCanvas::Constructor>: Deleting canvas with same name: hNTracksTpcJPsiData
Warning in <TCanvas::Constructor>: Deleting canvas with same name: hNVerticesJPsiData
Warning in <TCanvas::Constructor>: Deleting canvas with same name: hNVerticesJPsiData
Warning in <TCanvas::Constructor>: Deleting canvas with same name: hNVerticesJPsiData
Warning in <TCanvas::Constructor>: Deleting canvas with same name: hNVerticesJPsiData
Warning in <TCanvas::Constructor>: Deleting canvas with same name: hNVerticesJPsiData
Warning in <TCanvas::Constructor>: Deleting canvas with same name: hNVerticesJPsiData
Warning in <TCanvas::Constructor>: Deleting canvas with same name: hNfitHitsJPsiData
Warning in <TCanvas::Constructor>: Deleting canvas with same name: hNfitHitsJPsiData
Warning in <TCanvas::Constructor>: Deleting canvas with same name: hNfitHitsJPsiData
Warning in <TCanvas::Constructor>: Deleting canvas with same name: hNfitHitsJPsiData
Warning in <TCanvas::Constructor>: Deleting canvas with same name: hNfitHitsJPsiData
Warning in <TCanvas::Constructor>: Deleting canvas with same name: hNfitHitsJPsiData
Warning in <TCanvas::Constructor>: Deleting canvas with same name: hNfitHitsCutJPsiData
Warning in <TCanvas::Constructor>: Deleting canvas with same name: hNfitHitsCutJPsiData
Warning in <TCanvas::Constructor>: Deleting canvas with same name: hNfitHitsCutJPsiData
Warning in <TCanvas::Constructor>: Deleting canvas with same name: hNfitHitsCutJPsiData
Warning in <TCanvas::Constructor>: Deleting canvas with same name: hNfitHitsCutJPsiData
Warning in <TCanvas::Constructor>: Deleting canvas with same name: hNfitHitsCutJPsiData
Warning in <TCanvas::Constructor>: Deleting canvas with same name: hNhitsDEdxJPsiData
Warning in <TCanvas::Constructor>: Deleting canvas with same name: hNhitsDEdxJPsiData
Warning in <TCanvas::Constructor>: Deleting canvas with same name: hNhitsDEdxJPsiData
Warning in <TCanvas::Constructor>: Deleting canvas with same name: hNhitsDEdxJPsiData
Warning in <TCanvas::Constructor>: Deleting canvas with same name: hNhitsDEdxJPsiData
Warning in <TCanvas::Constructor>: Deleting canvas with same name: hNhitsDEdxJPsiData
Warning in <TCanvas::Constructor>: Deleting canvas with same name: hNhitsDEdxCutJPsiData
Warning in <TCanvas::Constructor>: Deleting canvas with same name: hNhitsDEdxCutJPsiData
Warning in <TCanvas::Constructor>: Deleting canvas with same name: hNhitsDEdxCutJPsiData
Warning in <TCanvas::Constructor>: Deleting canvas with same name: hNhitsDEdxCutJPsiData
Warning in <TCanvas::Constructor>: Deleting canvas with same name: hNhitsDEdxCutJPsiData
Warning in <TCanvas::Constructor>: Deleting canvas with same name: hNhitsDEdxCutJPsiData
Warning in <TCanvas::Constructor>: Deleting canvas with same name: hPIDChieeJPsiData
Warning in <TCanvas::Constructor>: Deleting canvas with same name: hPIDChieeJPsiData
Warning in <TCanvas::Constructor>: Deleting canvas with same name: hPIDChieeJPsiData
Warning in <TCanvas::Constructor>: Deleting canvas with same name: hPIDChieeJPsiData
Warning in <TCanvas::Constructor>: Deleting canvas with same name: hPIDChieeJPsiData
Warning in <TCanvas::Constructor>: Deleting canvas with same name: hPIDChieeJPsiData
Warning in <TCanvas::Constructor>: Deleting canvas with same name: hPIDChikkJPsiData
Warning in <TCanvas::Constructor>: Deleting canvas with same name: hPIDChikkJPsiData
Warning in <TCanvas::Constructor>: Deleting canvas with same name: hPIDChikkJPsiData
Warning in <TCanvas::Constructor>: Deleting canvas with same name: hPIDChikkJPsiData
Warning in <TCanvas::Constructor>: Deleting canvas with same name: hPIDChikkJPsiData
Warning in <TCanvas::Constructor>: Deleting canvas with same name: hPIDChikkJPsiData
Warning in <TCanvas::Constructor>: Deleting canvas with same name: hPIDChipipiJPsiData
Warning in <TCanvas::Constructor>: Deleting canvas with same name: hPIDChipipiJPsiData
Warning in <TCanvas::Constructor>: Deleting canvas with same name: hPIDChipipiJPsiData
Warning in <TCanvas::Constructor>: Deleting canvas with same name: hPIDChipipiJPsiData
Warning in <TCanvas::Constructor>: Deleting canvas with same name: hPIDChipipiJPsiData
Warning in <TCanvas::Constructor>: Deleting canvas with same name: hPIDChipipiJPsiData
Warning in <TCanvas::Constructor>: Deleting canvas with same name: hPIDChippJPsiData
Warning in <TCanvas::Constructor>: Deleting canvas with same name: hPIDChippJPsiData
Warning in <TCanvas::Constructor>: Deleting canvas with same name: hPIDChippJPsiData
Warning in <TCanvas::Constructor>: Deleting canvas with same name: hPIDChippJPsiData
Warning in <TCanvas::Constructor>: Deleting canvas with same name: hPIDChippJPsiData
Warning in <TCanvas::Constructor>: Deleting canvas with same name: hPIDChippJPsiData
Warning in <TCanvas::Constructor>: Deleting canvas with same name: hPosZJPsiData
Warning in <TCanvas::Constructor>: Deleting canvas with same name: hPosZJPsiData
Warning in <TCanvas::Constructor>: Deleting canvas with same name: hPosZJPsiData
Warning in <TCanvas::Constructor>: Deleting canvas with same name: hPosZJPsiData
Warning in <TCanvas::Constructor>: Deleting canvas with same name: hPosZJPsiData
Warning in <TCanvas::Constructor>: Deleting canvas with same name: hPosZJPsiData
Warning in <TCanvas::Constructor>: Deleting canvas with same name: hPosZCutJPsiData
Warning in <TCanvas::Constructor>: Deleting canvas with same name: hPosZCutJPsiData
Warning in <TCanvas::Constructor>: Deleting canvas with same name: hPosZCutJPsiData
Warning in <TCanvas::Constructor>: Deleting canvas with same name: hPosZCutJPsiData
Warning in <TCanvas::Constructor>: Deleting canvas with same name: hPosZCutJPsiData
Warning in <TCanvas::Constructor>: Deleting canvas with same name: hPosZCutJPsiData
Warning in <TCanvas::Constructor>: Deleting canvas with same name: hPtJPsiData
Warning in <TCanvas::Constructor>: Deleting canvas with same name: hPtJPsiData
Warning in <TCanvas::Constructor>: Deleting canvas with same name: hPtJPsiData
Warning in <TCanvas::Constructor>: Deleting canvas with same name: hPtJPsiData
Warning in <TCanvas::Constructor>: Deleting canvas with same name: hPtJPsiData
Warning in <TCanvas::Constructor>: Deleting canvas with same name: hPtJPsiData
Warning in <TCanvas::Constructor>: Deleting canvas with same name: hPtCutJPsiData
Warning in <TCanvas::Constructor>: Deleting canvas with same name: hPtCutJPsiData
Warning in <TCanvas::Constructor>: Deleting canvas with same name: hPtCutJPsiData
Warning in <TCanvas::Constructor>: Deleting canvas with same name: hPtCutJPsiData
Warning in <TCanvas::Constructor>: Deleting canvas with same name: hPtCutJPsiData
Warning in <TCanvas::Constructor>: Deleting canvas with same name: hPtCutJPsiData
Warning in <TCanvas::Constructor>: Deleting canvas with same name: hTotQJPsiData
Warning in <TCanvas::Constructor>: Deleting canvas with same name: hTotQJPsiData
Warning in <TCanvas::Constructor>: Deleting canvas with same name: hTotQJPsiData
Warning in <TCanvas::Constructor>: Deleting canvas with same name: hTotQJPsiData
Warning in <TCanvas::Constructor>: Deleting canvas with same name: hTotQJPsiData
Warning in <TCanvas::Constructor>: Deleting canvas with same name: hTotQJPsiData
Warning in <TCanvas::Constructor>: Deleting canvas with same name: hTrackQualityFlowJPsiData
Warning in <TCanvas::Constructor>: Deleting canvas with same name: hTrackQualityFlowJPsiData
Warning in <TCanvas::Constructor>: Deleting canvas with same name: hTrackQualityFlowJPsiData
Warning in <TCanvas::Constructor>: Deleting canvas with same name: hTrackQualityFlowJPsiData
Warning in <TCanvas::Constructor>: Deleting canvas with same name: hTrackQualityFlowJPsiData
Warning in <TCanvas::Constructor>: Deleting canvas with same name: hTrackQualityFlowJPsiData
Error in <TFile::cd>: Unknown directory FittingStudy
Warning in <dEdxParameterization::GetFile>: File P10T.root has been found as /star/nfs4/AFS/star/packages/SL23f/StarDb/dEdxModel/P10T.root
Info in <TCanvas::MakeDefCanvas>:  created default TCanvas with name c1
Info in <TCanvas::Print>: pdf file dEdxAll.pdf has been created
Info in <TCanvas::Print>: pdf file dEdxAll.pdf has been created
Info in <TCanvas::Print>: pdf file dEdxAll.pdf has been created
