Info in <TCanvas::MakeDefCanvas>:  created default TCanvas with name c1
Warning in <TFile::Append>: Replacing existing TH1: fitPeakK0sSignalFit (Potential memory leak).
Warning in <TFile::Append>: Replacing existing TH1: histCheck (Potential memory leak).
Warning in <TFile::Append>: Replacing existing TH1: histCheck (Potential memory leak).
Warning in <TFile::Append>: Replacing existing TH1: invMassLambdaSignalFit (Potential memory leak).
Warning in <TFile::Append>: Replacing existing TH1: histCheck (Potential memory leak).
Warning in <TFile::Append>: Replacing existing TH1: tryout (Potential memory leak).
Warning in <TFile::Append>: Replacing existing TH1: tryout (Potential memory leak).
Warning in <TFile::Append>: Replacing existing TH1: tryout (Potential memory leak).
Warning in <TFile::Append>: Replacing existing TH1: tryout (Potential memory leak).
Warning in <TFile::Append>: Replacing existing TH1: tryout (Potential memory leak).
Warning in <TFile::Append>: Replacing existing TH1: tryout (Potential memory leak).
Warning in <TFile::Append>: Replacing existing TH1: tryout (Potential memory leak).
Warning in <TFile::Append>: Replacing existing TH1: tryout (Potential memory leak).
Info in <TROOT::TEfficiency::CheckEntries>: Histograms are filled with weights
Info in <TEfficiency::TEfficiency>: given histograms are filled with weights
Warning in <TH1D::Sumw2>: Sum of squares of weights structure already created
Warning in <TH1D::Sumw2>: Sum of squares of weights structure already created
Warning in <TEfficiency::GetEfficiencyErrorLow>: frequentist confidence intervals for weights are only supported by the normal approximation
Info in <TEfficiency::GetEfficiencyErrorLow>: setting statistic option to kFNormal
Info in <TROOT::TEfficiency::CheckEntries>: Histograms are filled with weights
Info in <TEfficiency::TEfficiency>: given histograms are filled with weights
Warning in <TH1D::Sumw2>: Sum of squares of weights structure already created
Warning in <TH1D::Sumw2>: Sum of squares of weights structure already created
Warning in <TEfficiency::GetEfficiencyErrorLow>: frequentist confidence intervals for weights are only supported by the normal approximation
Info in <TEfficiency::GetEfficiencyErrorLow>: setting statistic option to kFNormal
Warning in <TFile::Append>: Replacing existing TH1: tryout (Potential memory leak).
Warning in <TFile::Append>: Replacing existing TH1: tryout (Potential memory leak).
Warning in <TFile::Append>: Replacing existing TH1: tryout (Potential memory leak).
Warning in <TFile::Append>: Replacing existing TH1: tryout (Potential memory leak).
Warning in <TFile::Append>: Replacing existing TH1: tryout (Potential memory leak).
Warning in <TFile::Append>: Replacing existing TH1: tryout (Potential memory leak).
Info in <TROOT::TEfficiency::CheckEntries>: Histograms are filled with weights
Info in <TEfficiency::TEfficiency>: given histograms are filled with weights
Warning in <TH1D::Sumw2>: Sum of squares of weights structure already created
Warning in <TH1D::Sumw2>: Sum of squares of weights structure already created
Warning in <TEfficiency::GetEfficiencyErrorLow>: frequentist confidence intervals for weights are only supported by the normal approximation
Info in <TEfficiency::GetEfficiencyErrorLow>: setting statistic option to kFNormal
Info in <TROOT::TEfficiency::CheckEntries>: Histograms are filled with weights
Info in <TEfficiency::TEfficiency>: given histograms are filled with weights
Warning in <TH1D::Sumw2>: Sum of squares of weights structure already created
Warning in <TH1D::Sumw2>: Sum of squares of weights structure already created
Warning in <TEfficiency::GetEfficiencyErrorLow>: frequentist confidence intervals for weights are only supported by the normal approximation
Info in <TEfficiency::GetEfficiencyErrorLow>: setting statistic option to kFNormal
Warning in <TFile::Append>: Replacing existing TH1: tryout (Potential memory leak).
Warning in <TFile::Append>: Replacing existing TH1: tryout (Potential memory leak).
Warning in <TFile::Append>: Replacing existing TH1: tryout (Potential memory leak).
Warning in <TFile::Append>: Replacing existing TH1: tryout (Potential memory leak).
Warning in <TFile::Append>: Replacing existing TH1: tryout (Potential memory leak).
Warning in <TFile::Append>: Replacing existing TH1: tryout (Potential memory leak).
Info in <TROOT::TEfficiency::CheckEntries>: Histograms are filled with weights
Info in <TEfficiency::TEfficiency>: given histograms are filled with weights
Warning in <TH1D::Sumw2>: Sum of squares of weights structure already created
Warning in <TH1D::Sumw2>: Sum of squares of weights structure already created
Warning in <TEfficiency::GetEfficiencyErrorLow>: frequentist confidence intervals for weights are only supported by the normal approximation
Info in <TEfficiency::GetEfficiencyErrorLow>: setting statistic option to kFNormal
Info in <TROOT::TEfficiency::CheckEntries>: Histograms are filled with weights
Info in <TEfficiency::TEfficiency>: given histograms are filled with weights
Warning in <TH1D::Sumw2>: Sum of squares of weights structure already created
Warning in <TH1D::Sumw2>: Sum of squares of weights structure already created
Warning in <TEfficiency::GetEfficiencyErrorLow>: frequentist confidence intervals for weights are only supported by the normal approximation
Info in <TEfficiency::GetEfficiencyErrorLow>: setting statistic option to kFNormal
Warning in <TFile::Append>: Replacing existing TH1: tryout (Potential memory leak).
Warning in <TFile::Append>: Replacing existing TH1: tryout (Potential memory leak).
Warning in <TFile::Append>: Replacing existing TH1: tryout (Potential memory leak).
Warning in <TFile::Append>: Replacing existing TH1: tryout (Potential memory leak).
Warning in <TFile::Append>: Replacing existing TH1: tryout (Potential memory leak).
Warning in <TFile::Append>: Replacing existing TH1: tryout (Potential memory leak).
Info in <TROOT::TEfficiency::CheckEntries>: Histograms are filled with weights
Info in <TEfficiency::TEfficiency>: given histograms are filled with weights
Warning in <TH1D::Sumw2>: Sum of squares of weights structure already created
Warning in <TH1D::Sumw2>: Sum of squares of weights structure already created
Warning in <TEfficiency::GetEfficiencyErrorLow>: frequentist confidence intervals for weights are only supported by the normal approximation
Info in <TEfficiency::GetEfficiencyErrorLow>: setting statistic option to kFNormal
Info in <TROOT::TEfficiency::CheckEntries>: Histograms are filled with weights
Info in <TEfficiency::TEfficiency>: given histograms are filled with weights
Warning in <TH1D::Sumw2>: Sum of squares of weights structure already created
Warning in <TH1D::Sumw2>: Sum of squares of weights structure already created
Warning in <TEfficiency::GetEfficiencyErrorLow>: frequentist confidence intervals for weights are only supported by the normal approximation
Info in <TEfficiency::GetEfficiencyErrorLow>: setting statistic option to kFNormal
